2016-05-21 DEBUG [JavaFX Application Thread] (MainFrameController.java:1022) - VALIDATE LISTENER: invalidation in textField
2016-05-21 DEBUG [JavaFX Application Thread] (MainFrameController.java:1022) - VALIDATE LISTENER: invalidation in textField
2016-05-21 DEBUG [JavaFX Application Thread] (MainFrameController.java:1022) - VALIDATE LISTENER: invalidation in textField
2016-05-21 DEBUG [JavaFX Application Thread] (MainFrameController.java:1022) - VALIDATE LISTENER: invalidation in textField
2016-05-21 DEBUG [JavaFX Application Thread] (MainFrameController.java:1022) - VALIDATE LISTENER: invalidation in textField
2016-05-21 DEBUG [JavaFX Application Thread] (MainFrameController.java:1022) - VALIDATE LISTENER: invalidation in textField
2016-05-21 DEBUG [JavaFX Application Thread] (MainFrameController.java:1022) - VALIDATE LISTENER: invalidation in textField
2016-05-21 DEBUG [JavaFX Application Thread] (MainFrameController.java:1022) - VALIDATE LISTENER: invalidation in textField
2016-05-21 DEBUG [JavaFX Application Thread] (MainFrameController.java:1022) - VALIDATE LISTENER: invalidation in textField
2016-05-21 DEBUG [JavaFX Application Thread] (MainFrameController.java:1022) - VALIDATE LISTENER: invalidation in textField
2016-05-21 DEBUG [JavaFX Application Thread] (MainFrameController.java:1022) - VALIDATE LISTENER: invalidation in textField
2016-05-21 DEBUG [JavaFX Application Thread] (MainFrameController.java:1022) - VALIDATE LISTENER: invalidation in textField
2016-05-21 DEBUG [JavaFX Application Thread] (MainFrameController.java:1022) - VALIDATE LISTENER: invalidation in textField
2016-05-21 DEBUG [JavaFX Application Thread] (MainFrameController.java:1022) - VALIDATE LISTENER: invalidation in textField
2016-05-21 DEBUG [JavaFX Application Thread] (MainFrameController.java:1022) - VALIDATE LISTENER: invalidation in textField
2016-05-21 DEBUG [JavaFX Application Thread] (MainFrameController.java:1022) - VALIDATE LISTENER: invalidation in textField
2016-05-21 DEBUG [JavaFX Application Thread] (MainFrameController.java:1022) - VALIDATE LISTENER: invalidation in textField
2016-05-21 DEBUG [JavaFX Application Thread] (MainFrameController.java:1022) - VALIDATE LISTENER: invalidation in textField
2016-05-21 DEBUG [JavaFX Application Thread] (MainFrameController.java:1022) - VALIDATE LISTENER: invalidation in textField
2016-05-21 DEBUG [JavaFX Application Thread] (MainFrameController.java:1022) - VALIDATE LISTENER: invalidation in textField
2016-05-21 DEBUG [JavaFX Application Thread] (MainFrameController.java:1022) - VALIDATE LISTENER: invalidation in textField
2016-05-21 DEBUG [JavaFX Application Thread] (MainFrameController.java:1022) - VALIDATE LISTENER: invalidation in textField
2016-05-21 DEBUG [JavaFX Application Thread] (MainFrameController.java:1022) - VALIDATE LISTENER: invalidation in textField
2016-05-21 DEBUG [JavaFX Application Thread] (MainFrameController.java:1022) - VALIDATE LISTENER: invalidation in textField
2016-05-21 DEBUG [JavaFX Application Thread] (MainFrameController.java:1022) - VALIDATE LISTENER: invalidation in textField
2016-05-21 DEBUG [JavaFX Application Thread] (MainFrameController.java:1022) - VALIDATE LISTENER: invalidation in textField
2016-05-21 DEBUG [JavaFX Application Thread] (MainFrameController.java:1022) - VALIDATE LISTENER: invalidation in textField
2016-05-21 DEBUG [JavaFX Application Thread] (MainFrameController.java:1022) - VALIDATE LISTENER: invalidation in textField
2016-05-21 DEBUG [JavaFX Application Thread] (MainFrameController.java:1022) - VALIDATE LISTENER: invalidation in textField
2016-05-21 DEBUG [JavaFX Application Thread] (MainFrameController.java:1022) - VALIDATE LISTENER: invalidation in textField
2016-05-21 DEBUG [JavaFX Application Thread] (MainFrameController.java:1022) - VALIDATE LISTENER: invalidation in textField
2016-05-21 DEBUG [JavaFX Application Thread] (MainFrameController.java:1022) - VALIDATE LISTENER: invalidation in textField
2016-05-21 DEBUG [JavaFX Application Thread] (MainFrameController.java:1022) - VALIDATE LISTENER: invalidation in textField
2016-05-21 DEBUG [JavaFX Application Thread] (MainFrameController.java:1022) - VALIDATE LISTENER: invalidation in textField
2016-05-21 DEBUG [JavaFX Application Thread] (MainFrameController.java:1022) - VALIDATE LISTENER: invalidation in textField
2016-05-21 DEBUG [JavaFX Application Thread] (MainFrameController.java:1022) - VALIDATE LISTENER: invalidation in textField
2016-05-21 DEBUG [JavaFX Application Thread] (MainFrameController.java:1022) - VALIDATE LISTENER: invalidation in textField
2016-05-21 DEBUG [JavaFX Application Thread] (MainFrameController.java:1022) - VALIDATE LISTENER: invalidation in textField
2016-05-21 DEBUG [JavaFX Application Thread] (MainFrameController.java:1022) - VALIDATE LISTENER: invalidation in textField
2016-05-21 DEBUG [JavaFX Application Thread] (MainFrameController.java:1022) - VALIDATE LISTENER: invalidation in textField
2016-05-21 DEBUG [JavaFX Application Thread] (MainFrameController.java:1022) - VALIDATE LISTENER: invalidation in textField
2016-05-21 DEBUG [JavaFX Application Thread] (MainFrameController.java:1022) - VALIDATE LISTENER: invalidation in textField
2016-05-21 DEBUG [JavaFX Application Thread] (MainFrameController.java:1022) - VALIDATE LISTENER: invalidation in textField
2016-05-21 DEBUG [JavaFX Application Thread] (MainFrameController.java:1022) - VALIDATE LISTENER: invalidation in textField
2016-05-21 DEBUG [JavaFX Application Thread] (MainFrameController.java:1022) - VALIDATE LISTENER: invalidation in textField
2016-05-21 DEBUG [JavaFX Application Thread] (MainFrameController.java:1022) - VALIDATE LISTENER: invalidation in textField
2016-05-21 DEBUG [JavaFX Application Thread] (MainFrameController.java:1022) - VALIDATE LISTENER: invalidation in textField
2016-05-21 DEBUG [JavaFX Application Thread] (MainFrameController.java:1022) - VALIDATE LISTENER: invalidation in textField
2016-05-21 DEBUG [JavaFX Application Thread] (MainFrameController.java:1022) - VALIDATE LISTENER: invalidation in textField
2016-05-21 DEBUG [JavaFX Application Thread] (MainFrameController.java:1022) - VALIDATE LISTENER: invalidation in textField
2016-05-21 DEBUG [JavaFX Application Thread] (MainFrameController.java:1022) - VALIDATE LISTENER: invalidation in textField
2016-05-21 DEBUG [JavaFX Application Thread] (MainFrameController.java:1022) - VALIDATE LISTENER: invalidation in textField
2016-05-21 DEBUG [JavaFX Application Thread] (MainFrameController.java:1022) - VALIDATE LISTENER: invalidation in textField
2016-05-21 DEBUG [JavaFX Application Thread] (MainFrameController.java:1022) - VALIDATE LISTENER: invalidation in textField
2016-05-21 DEBUG [JavaFX Application Thread] (MainFrameController.java:1022) - VALIDATE LISTENER: invalidation in textField
2016-05-21 DEBUG [JavaFX Application Thread] (MainFrameController.java:1022) - VALIDATE LISTENER: invalidation in textField
2016-05-21 DEBUG [JavaFX Application Thread] (MainFrameController.java:1022) - VALIDATE LISTENER: invalidation in textField
2016-05-21 DEBUG [JavaFX Application Thread] (MainFrameController.java:1022) - VALIDATE LISTENER: invalidation in textField
2016-05-21 DEBUG [JavaFX Application Thread] (MainFrameController.java:1022) - VALIDATE LISTENER: invalidation in textField
2016-05-21 DEBUG [JavaFX Application Thread] (MainFrameController.java:1022) - VALIDATE LISTENER: invalidation in textField
2016-05-21 DEBUG [JavaFX Application Thread] (MainFrameController.java:1022) - VALIDATE LISTENER: invalidation in textField
2016-05-21 DEBUG [JavaFX Application Thread] (MainFrameController.java:1022) - VALIDATE LISTENER: invalidation in textField
2016-05-21 DEBUG [JavaFX Application Thread] (MainFrameController.java:1022) - VALIDATE LISTENER: invalidation in textField
2016-05-21 DEBUG [JavaFX Application Thread] (MainFrameController.java:1022) - VALIDATE LISTENER: invalidation in textField
2016-05-21 DEBUG [JavaFX Application Thread] (MainFrameController.java:1022) - VALIDATE LISTENER: invalidation in textField
2016-05-21 DEBUG [JavaFX Application Thread] (MainFrameController.java:1022) - VALIDATE LISTENER: invalidation in textField
2016-05-21 DEBUG [JavaFX Application Thread] (MainFrameController.java:1022) - VALIDATE LISTENER: invalidation in textField
2016-05-21 DEBUG [JavaFX Application Thread] (MainFrameController.java:1022) - VALIDATE LISTENER: invalidation in textField
2016-05-21 DEBUG [JavaFX Application Thread] (MainFrameController.java:1022) - VALIDATE LISTENER: invalidation in textField
2016-05-21 DEBUG [JavaFX Application Thread] (MainFrameController.java:1022) - VALIDATE LISTENER: invalidation in textField
2016-05-21 DEBUG [JavaFX Application Thread] (MainFrameController.java:1022) - VALIDATE LISTENER: invalidation in textField
2016-05-21 DEBUG [JavaFX Application Thread] (MainFrameController.java:1022) - VALIDATE LISTENER: invalidation in textField
2016-05-21 DEBUG [JavaFX Application Thread] (MainFrameController.java:1022) - VALIDATE LISTENER: invalidation in textField
2016-05-21 DEBUG [JavaFX Application Thread] (MainFrameController.java:1022) - VALIDATE LISTENER: invalidation in textField
2016-05-21 DEBUG [JavaFX Application Thread] (MainFrameController.java:1022) - VALIDATE LISTENER: invalidation in textField
2016-05-21 DEBUG [JavaFX Application Thread] (MainFrameController.java:1022) - VALIDATE LISTENER: invalidation in textField
2016-05-21 DEBUG [JavaFX Application Thread] (MainFrameController.java:1022) - VALIDATE LISTENER: invalidation in textField
2016-05-21 DEBUG [JavaFX Application Thread] (MainFrameController.java:1022) - VALIDATE LISTENER: invalidation in textField
2016-05-21 DEBUG [JavaFX Application Thread] (MainFrameController.java:1022) - VALIDATE LISTENER: invalidation in textField
2016-05-21 DEBUG [JavaFX Application Thread] (MainFrameController.java:1022) - VALIDATE LISTENER: invalidation in textField
2016-05-21 DEBUG [JavaFX Application Thread] (MainFrameController.java:1022) - VALIDATE LISTENER: invalidation in textField
2016-05-21 DEBUG [JavaFX Application Thread] (MainFrameController.java:1022) - VALIDATE LISTENER: invalidation in textField
2016-05-21 DEBUG [JavaFX Application Thread] (MainFrameController.java:1022) - VALIDATE LISTENER: invalidation in textField
2016-05-21 DEBUG [JavaFX Application Thread] (MainFrameController.java:1022) - VALIDATE LISTENER: invalidation in textField
2016-05-21 DEBUG [JavaFX Application Thread] (MainFrameController.java:1022) - VALIDATE LISTENER: invalidation in textField
2016-05-21 DEBUG [JavaFX Application Thread] (MainFrameController.java:1022) - VALIDATE LISTENER: invalidation in textField
2016-05-21 DEBUG [JavaFX Application Thread] (MainFrameController.java:1022) - VALIDATE LISTENER: invalidation in textField
2016-05-21 DEBUG [JavaFX Application Thread] (MainFrameController.java:1022) - VALIDATE LISTENER: invalidation in textField
2016-05-21 DEBUG [JavaFX Application Thread] (MainFrameController.java:1022) - VALIDATE LISTENER: invalidation in textField
2016-05-21 DEBUG [JavaFX Application Thread] (MainFrameController.java:1022) - VALIDATE LISTENER: invalidation in textField
2016-05-21 DEBUG [JavaFX Application Thread] (MainFrameController.java:1022) - VALIDATE LISTENER: invalidation in textField
2016-05-21 DEBUG [JavaFX Application Thread] (MainFrameController.java:1022) - VALIDATE LISTENER: invalidation in textField
2016-05-21 DEBUG [JavaFX Application Thread] (MainFrameController.java:1022) - VALIDATE LISTENER: invalidation in textField
2016-05-21 DEBUG [JavaFX Application Thread] (MainFrameController.java:1022) - VALIDATE LISTENER: invalidation in textField
2016-05-21 DEBUG [JavaFX Application Thread] (MainFrameController.java:1022) - VALIDATE LISTENER: invalidation in textField
2016-05-21 DEBUG [JavaFX Application Thread] (MainFrameController.java:1022) - VALIDATE LISTENER: invalidation in textField
2016-05-21 DEBUG [JavaFX Application Thread] (MainFrameController.java:1022) - VALIDATE LISTENER: invalidation in textField
2016-05-21 DEBUG [JavaFX Application Thread] (MainFrameController.java:1022) - VALIDATE LISTENER: invalidation in textField
2016-05-21 DEBUG [JavaFX Application Thread] (MainFrameController.java:1022) - VALIDATE LISTENER: invalidation in textField
2016-05-21 DEBUG [JavaFX Application Thread] (MainFrameController.java:1022) - VALIDATE LISTENER: invalidation in textField
2016-05-21 DEBUG [JavaFX Application Thread] (MainFrameController.java:1022) - VALIDATE LISTENER: invalidation in textField
2016-05-21 DEBUG [JavaFX Application Thread] (MainFrameController.java:1022) - VALIDATE LISTENER: invalidation in textField
2016-05-21 DEBUG [JavaFX Application Thread] (MainFrameController.java:1022) - VALIDATE LISTENER: invalidation in textField
2016-05-21 DEBUG [JavaFX Application Thread] (MainFrameController.java:1022) - VALIDATE LISTENER: invalidation in textField
2016-05-21 DEBUG [JavaFX Application Thread] (MainFrameController.java:1022) - VALIDATE LISTENER: invalidation in textField
2016-05-21 DEBUG [JavaFX Application Thread] (MainFrameController.java:1022) - VALIDATE LISTENER: invalidation in textField
2016-05-21 DEBUG [JavaFX Application Thread] (MainFrameController.java:1022) - VALIDATE LISTENER: invalidation in textField
2016-05-21 DEBUG [JavaFX Application Thread] (MainFrameController.java:1022) - VALIDATE LISTENER: invalidation in textField
2016-05-21 DEBUG [JavaFX Application Thread] (MainFrameController.java:1022) - VALIDATE LISTENER: invalidation in textField
2016-05-21 DEBUG [JavaFX Application Thread] (MainFrameController.java:1022) - VALIDATE LISTENER: invalidation in textField
2016-05-21 DEBUG [JavaFX Application Thread] (MainFrameController.java:1022) - VALIDATE LISTENER: invalidation in textField
2016-05-21 DEBUG [JavaFX Application Thread] (MainFrameController.java:1022) - VALIDATE LISTENER: invalidation in textField
2016-05-21 DEBUG [JavaFX Application Thread] (MainFrameController.java:1022) - VALIDATE LISTENER: invalidation in textField
2016-05-21 DEBUG [JavaFX Application Thread] (MainFrameController.java:1022) - VALIDATE LISTENER: invalidation in textField
2016-05-21 DEBUG [JavaFX Application Thread] (MainFrameController.java:1022) - VALIDATE LISTENER: invalidation in textField
2016-05-21 DEBUG [JavaFX Application Thread] (MainFrameController.java:1022) - VALIDATE LISTENER: invalidation in textField
2016-05-21 DEBUG [JavaFX Application Thread] (MainFrameController.java:1022) - VALIDATE LISTENER: invalidation in textField
2016-05-21 DEBUG [JavaFX Application Thread] (MainFrameController.java:1022) - VALIDATE LISTENER: invalidation in textField
2016-05-21 DEBUG [JavaFX Application Thread] (MainFrameController.java:1022) - VALIDATE LISTENER: invalidation in textField
2016-05-21 DEBUG [JavaFX Application Thread] (MainFrameController.java:1022) - VALIDATE LISTENER: invalidation in textField
2016-05-21 DEBUG [JavaFX Application Thread] (MainFrameController.java:1022) - VALIDATE LISTENER: invalidation in textField
2016-05-21 DEBUG [JavaFX Application Thread] (MainFrameController.java:1022) - VALIDATE LISTENER: invalidation in textField
2016-05-21 DEBUG [JavaFX Application Thread] (MainFrameController.java:1022) - VALIDATE LISTENER: invalidation in textField
2016-05-21 DEBUG [JavaFX Application Thread] (MainFrameController.java:1022) - VALIDATE LISTENER: invalidation in textField
2016-05-21 DEBUG [JavaFX Application Thread] (MainFrameController.java:1022) - VALIDATE LISTENER: invalidation in textField
2016-05-21 DEBUG [JavaFX Application Thread] (MainFrameController.java:1022) - VALIDATE LISTENER: invalidation in textField
2016-05-21 DEBUG [JavaFX Application Thread] (MainFrameController.java:1022) - VALIDATE LISTENER: invalidation in textField
2016-05-21 DEBUG [JavaFX Application Thread] (MainFrameController.java:1022) - VALIDATE LISTENER: invalidation in textField
2016-05-21 DEBUG [JavaFX Application Thread] (MainFrameController.java:1022) - VALIDATE LISTENER: invalidation in textField
2016-05-21 DEBUG [JavaFX Application Thread] (MainFrameController.java:1022) - VALIDATE LISTENER: invalidation in textField
2016-05-21 DEBUG [JavaFX Application Thread] (MainFrameController.java:1022) - VALIDATE LISTENER: invalidation in textField
2016-05-21 DEBUG [JavaFX Application Thread] (MainFrameController.java:1022) - VALIDATE LISTENER: invalidation in textField
2016-05-21 DEBUG [JavaFX Application Thread] (MainFrameController.java:1022) - VALIDATE LISTENER: invalidation in textField
2016-05-21 DEBUG [JavaFX Application Thread] (MainFrameController.java:1022) - VALIDATE LISTENER: invalidation in textField
2016-05-21 DEBUG [JavaFX Application Thread] (MainFrameController.java:1022) - VALIDATE LISTENER: invalidation in textField
2016-05-21 DEBUG [JavaFX Application Thread] (MainFrameController.java:1022) - VALIDATE LISTENER: invalidation in textField
2016-05-21 DEBUG [JavaFX Application Thread] (MainFrameController.java:1022) - VALIDATE LISTENER: invalidation in textField
2016-05-21 DEBUG [JavaFX Application Thread] (MainFrameController.java:1022) - VALIDATE LISTENER: invalidation in textField
2016-05-21 DEBUG [JavaFX Application Thread] (MainFrameController.java:1022) - VALIDATE LISTENER: invalidation in textField
2016-05-21 DEBUG [JavaFX Application Thread] (MainFrameController.java:1022) - VALIDATE LISTENER: invalidation in textField
2016-05-21 DEBUG [JavaFX Application Thread] (MainFrameController.java:1022) - VALIDATE LISTENER: invalidation in textField
2016-05-21 DEBUG [JavaFX Application Thread] (MainFrameController.java:1022) - VALIDATE LISTENER: invalidation in textField
2016-05-21 DEBUG [JavaFX Application Thread] (MainFrameController.java:1022) - VALIDATE LISTENER: invalidation in textField
2016-05-21 DEBUG [JavaFX Application Thread] (MainFrameController.java:1022) - VALIDATE LISTENER: invalidation in textField
2016-05-21 DEBUG [JavaFX Application Thread] (MainFrameController.java:1022) - VALIDATE LISTENER: invalidation in textField
2016-05-21 DEBUG [JavaFX Application Thread] (MainFrameController.java:1022) - VALIDATE LISTENER: invalidation in textField
2016-05-21 DEBUG [JavaFX Application Thread] (MainFrameController.java:1022) - VALIDATE LISTENER: invalidation in textField
2016-05-21 DEBUG [JavaFX Application Thread] (MainFrameController.java:1022) - VALIDATE LISTENER: invalidation in textField
2016-05-21 DEBUG [JavaFX Application Thread] (MainFrameController.java:1022) - VALIDATE LISTENER: invalidation in textField
2016-05-21 DEBUG [JavaFX Application Thread] (MainFrameController.java:1022) - VALIDATE LISTENER: invalidation in textField
2016-05-21 DEBUG [JavaFX Application Thread] (MainFrameController.java:1022) - VALIDATE LISTENER: invalidation in textField
2016-05-21 DEBUG [JavaFX Application Thread] (MainFrameController.java:1022) - VALIDATE LISTENER: invalidation in textField
2016-05-21 DEBUG [JavaFX Application Thread] (MainFrameController.java:1022) - VALIDATE LISTENER: invalidation in textField
2016-05-21 DEBUG [JavaFX Application Thread] (MainFrameController.java:1022) - VALIDATE LISTENER: invalidation in textField
2016-05-21 DEBUG [JavaFX Application Thread] (MainFrameController.java:1022) - VALIDATE LISTENER: invalidation in textField
2016-05-21 DEBUG [JavaFX Application Thread] (MainFrameController.java:1022) - VALIDATE LISTENER: invalidation in textField
2016-05-21 DEBUG [JavaFX Application Thread] (MainFrameController.java:1022) - VALIDATE LISTENER: invalidation in textField
2016-05-21 DEBUG [JavaFX Application Thread] (MainFrameController.java:1022) - VALIDATE LISTENER: invalidation in textField
2016-05-21 DEBUG [JavaFX Application Thread] (MainFrameController.java:1022) - VALIDATE LISTENER: invalidation in textField
2016-05-21 DEBUG [JavaFX Application Thread] (MainFrameController.java:1022) - VALIDATE LISTENER: invalidation in textField
2016-05-21 DEBUG [JavaFX Application Thread] (MainFrameController.java:1022) - VALIDATE LISTENER: invalidation in textField
2016-05-21 DEBUG [JavaFX Application Thread] (MainFrameController.java:1022) - VALIDATE LISTENER: invalidation in textField
2016-05-21 DEBUG [JavaFX Application Thread] (MainFrameController.java:1022) - VALIDATE LISTENER: invalidation in textField
2016-05-21 DEBUG [JavaFX Application Thread] (MainFrameController.java:1022) - VALIDATE LISTENER: invalidation in textField
2016-05-21 DEBUG [JavaFX Application Thread] (MainFrameController.java:1022) - VALIDATE LISTENER: invalidation in textField
2016-05-21 DEBUG [JavaFX Application Thread] (MainFrameController.java:1022) - VALIDATE LISTENER: invalidation in textField
2016-05-21 DEBUG [JavaFX Application Thread] (MainFrameController.java:1022) - VALIDATE LISTENER: invalidation in textField
2016-05-21 DEBUG [JavaFX Application Thread] (MainFrameController.java:1022) - VALIDATE LISTENER: invalidation in textField
2016-05-21 DEBUG [JavaFX Application Thread] (MainFrameController.java:1022) - VALIDATE LISTENER: invalidation in textField
2016-05-21 DEBUG [JavaFX Application Thread] (MainFrameController.java:1022) - VALIDATE LISTENER: invalidation in textField
2016-05-21 DEBUG [JavaFX Application Thread] (MainFrameController.java:1022) - VALIDATE LISTENER: invalidation in textField
2016-05-21 DEBUG [JavaFX Application Thread] (MainFrameController.java:1022) - VALIDATE LISTENER: invalidation in textField
2016-05-21 DEBUG [JavaFX Application Thread] (MainFrameController.java:1022) - VALIDATE LISTENER: invalidation in textField
2016-05-21 DEBUG [JavaFX Application Thread] (MainFrameController.java:1022) - VALIDATE LISTENER: invalidation in textField
2016-05-21 DEBUG [JavaFX Application Thread] (MainFrameController.java:1022) - VALIDATE LISTENER: invalidation in textField
2016-05-21 DEBUG [JavaFX Application Thread] (MainFrameController.java:1022) - VALIDATE LISTENER: invalidation in textField
2016-05-21 DEBUG [JavaFX Application Thread] (MainFrameController.java:1022) - VALIDATE LISTENER: invalidation in textField
2016-05-21 DEBUG [JavaFX Application Thread] (MainFrameController.java:1022) - VALIDATE LISTENER: invalidation in textField
2016-05-21 DEBUG [JavaFX Application Thread] (MainFrameController.java:1022) - VALIDATE LISTENER: invalidation in textField
2016-05-21 DEBUG [JavaFX Application Thread] (MainFrameController.java:1022) - VALIDATE LISTENER: invalidation in textField
2016-05-21 DEBUG [JavaFX Application Thread] (MainFrameController.java:1022) - VALIDATE LISTENER: invalidation in textField
2016-05-21 DEBUG [JavaFX Application Thread] (MainFrameController.java:1022) - VALIDATE LISTENER: invalidation in textField
2016-05-21 DEBUG [JavaFX Application Thread] (MainFrameController.java:1022) - VALIDATE LISTENER: invalidation in textField
2016-05-21 DEBUG [JavaFX Application Thread] (MainFrameController.java:1022) - VALIDATE LISTENER: invalidation in textField
2016-05-21 DEBUG [JavaFX Application Thread] (MainFrameController.java:1022) - VALIDATE LISTENER: invalidation in textField
2016-05-21 DEBUG [JavaFX Application Thread] (MainFrameController.java:1022) - VALIDATE LISTENER: invalidation in textField
2016-05-21 DEBUG [JavaFX Application Thread] (MainFrameController.java:1022) - VALIDATE LISTENER: invalidation in textField
2016-05-21 DEBUG [JavaFX Application Thread] (MainFrameController.java:1022) - VALIDATE LISTENER: invalidation in textField
2016-05-21 DEBUG [JavaFX Application Thread] (MainFrameController.java:1022) - VALIDATE LISTENER: invalidation in textField
2016-05-21 DEBUG [JavaFX Application Thread] (MainFrameController.java:1022) - VALIDATE LISTENER: invalidation in textField
2016-05-21 DEBUG [JavaFX Application Thread] (MainFrameController.java:1022) - VALIDATE LISTENER: invalidation in textField
2016-05-21 DEBUG [JavaFX Application Thread] (MainFrameController.java:1022) - VALIDATE LISTENER: invalidation in textField
2016-05-21 DEBUG [JavaFX Application Thread] (MainFrameController.java:1022) - VALIDATE LISTENER: invalidation in textField
2016-05-21 DEBUG [JavaFX Application Thread] (MainFrameController.java:1022) - VALIDATE LISTENER: invalidation in textField
2016-05-21 DEBUG [JavaFX Application Thread] (MainFrameController.java:1022) - VALIDATE LISTENER: invalidation in textField
2016-05-21 DEBUG [JavaFX Application Thread] (MainFrameController.java:1022) - VALIDATE LISTENER: invalidation in textField
2016-05-21 DEBUG [JavaFX Application Thread] (MainFrameController.java:1022) - VALIDATE LISTENER: invalidation in textField
2016-05-21 DEBUG [JavaFX Application Thread] (MainFrameController.java:1022) - VALIDATE LISTENER: invalidation in textField
2016-05-21 DEBUG [JavaFX Application Thread] (MainFrameController.java:1022) - VALIDATE LISTENER: invalidation in textField
2016-05-21 DEBUG [JavaFX Application Thread] (MainFrameController.java:1022) - VALIDATE LISTENER: invalidation in textField
2016-05-21 DEBUG [JavaFX Application Thread] (MainFrameController.java:1022) - VALIDATE LISTENER: invalidation in textField
2016-05-21 DEBUG [JavaFX Application Thread] (MainFrameController.java:1022) - VALIDATE LISTENER: invalidation in textField
2016-05-21 DEBUG [JavaFX Application Thread] (MainFrameController.java:1022) - VALIDATE LISTENER: invalidation in textField
2016-05-21 DEBUG [JavaFX Application Thread] (MainFrameController.java:1022) - VALIDATE LISTENER: invalidation in textField
2016-05-21 DEBUG [JavaFX Application Thread] (MainFrameController.java:1022) - VALIDATE LISTENER: invalidation in textField
2016-05-21 DEBUG [JavaFX Application Thread] (MainFrameController.java:1022) - VALIDATE LISTENER: invalidation in textField
2016-05-21 DEBUG [JavaFX Application Thread] (MainFrameController.java:1022) - VALIDATE LISTENER: invalidation in textField
2016-05-21 DEBUG [JavaFX Application Thread] (MainFrameController.java:1022) - VALIDATE LISTENER: invalidation in textField
2016-05-21 DEBUG [JavaFX Application Thread] (MainFrameController.java:1022) - VALIDATE LISTENER: invalidation in textField
2016-05-21 DEBUG [JavaFX Application Thread] (MainFrameController.java:1022) - VALIDATE LISTENER: invalidation in textField
2016-05-21 DEBUG [JavaFX Application Thread] (MainFrameController.java:1022) - VALIDATE LISTENER: invalidation in textField
2016-05-21 DEBUG [JavaFX Application Thread] (MainFrameController.java:1022) - VALIDATE LISTENER: invalidation in textField
2016-05-21 DEBUG [JavaFX Application Thread] (MainFrameController.java:1022) - VALIDATE LISTENER: invalidation in textField
2016-05-21 DEBUG [JavaFX Application Thread] (MainFrameController.java:1022) - VALIDATE LISTENER: invalidation in textField
2016-05-21 DEBUG [JavaFX Application Thread] (MainFrameController.java:1022) - VALIDATE LISTENER: invalidation in textField
2016-05-21 DEBUG [JavaFX Application Thread] (MainFrameController.java:1022) - VALIDATE LISTENER: invalidation in textField
2016-05-21 DEBUG [JavaFX Application Thread] (MainFrameController.java:1022) - VALIDATE LISTENER: invalidation in textField
2016-05-21 DEBUG [JavaFX Application Thread] (MainFrameController.java:1022) - VALIDATE LISTENER: invalidation in textField
2016-05-21 DEBUG [JavaFX Application Thread] (MainFrameController.java:1022) - VALIDATE LISTENER: invalidation in textField
2016-05-21 DEBUG [JavaFX Application Thread] (MainFrameController.java:1022) - VALIDATE LISTENER: invalidation in textField
2016-05-21 DEBUG [JavaFX Application Thread] (MainFrameController.java:1022) - VALIDATE LISTENER: invalidation in textField
2016-05-21 DEBUG [JavaFX Application Thread] (MainFrameController.java:1022) - VALIDATE LISTENER: invalidation in textField
2016-05-21 DEBUG [JavaFX Application Thread] (MainFrameController.java:1022) - VALIDATE LISTENER: invalidation in textField
2016-05-21 DEBUG [JavaFX Application Thread] (MainFrameController.java:1022) - VALIDATE LISTENER: invalidation in textField
2016-05-21 DEBUG [JavaFX Application Thread] (MainFrameController.java:1022) - VALIDATE LISTENER: invalidation in textField
2016-05-21 DEBUG [JavaFX Application Thread] (MainFrameController.java:1022) - VALIDATE LISTENER: invalidation in textField
2016-05-21 DEBUG [JavaFX Application Thread] (MainFrameController.java:1022) - VALIDATE LISTENER: invalidation in textField
2016-05-21 DEBUG [JavaFX Application Thread] (MainFrameController.java:1022) - VALIDATE LISTENER: invalidation in textField
2016-05-21 DEBUG [JavaFX Application Thread] (MainFrameController.java:1022) - VALIDATE LISTENER: invalidation in textField
2016-05-21 DEBUG [JavaFX Application Thread] (MainFrameController.java:1022) - VALIDATE LISTENER: invalidation in textField
2016-05-21 DEBUG [JavaFX Application Thread] (MainFrameController.java:1022) - VALIDATE LISTENER: invalidation in textField
2016-05-21 DEBUG [JavaFX Application Thread] (MainFrameController.java:1022) - VALIDATE LISTENER: invalidation in textField
2016-05-21 DEBUG [JavaFX Application Thread] (MainFrameController.java:1022) - VALIDATE LISTENER: invalidation in textField
2016-05-21 DEBUG [JavaFX Application Thread] (MainFrameController.java:1022) - VALIDATE LISTENER: invalidation in textField
2016-05-21 DEBUG [JavaFX Application Thread] (MainFrameController.java:1022) - VALIDATE LISTENER: invalidation in textField
2016-05-21 DEBUG [JavaFX Application Thread] (MainFrameController.java:1022) - VALIDATE LISTENER: invalidation in textField
2016-05-21 DEBUG [JavaFX Application Thread] (MainFrameController.java:1022) - VALIDATE LISTENER: invalidation in textField
2016-05-21 DEBUG [JavaFX Application Thread] (MainFrameController.java:1022) - VALIDATE LISTENER: invalidation in textField
2016-05-21 DEBUG [JavaFX Application Thread] (MainFrameController.java:1022) - VALIDATE LISTENER: invalidation in textField
2016-05-21 DEBUG [JavaFX Application Thread] (MainFrameController.java:1022) - VALIDATE LISTENER: invalidation in textField
2016-05-21 DEBUG [JavaFX Application Thread] (MainFrameController.java:1022) - VALIDATE LISTENER: invalidation in textField
2016-05-21 DEBUG [JavaFX Application Thread] (MainFrameController.java:1022) - VALIDATE LISTENER: invalidation in textField
2016-05-21 DEBUG [JavaFX Application Thread] (MainFrameController.java:1022) - VALIDATE LISTENER: invalidation in textField
2016-05-21 DEBUG [JavaFX Application Thread] (MainFrameController.java:1022) - VALIDATE LISTENER: invalidation in textField
2016-05-21 DEBUG [JavaFX Application Thread] (MainFrameController.java:1022) - VALIDATE LISTENER: invalidation in textField
2016-05-21 DEBUG [JavaFX Application Thread] (MainFrameController.java:1022) - VALIDATE LISTENER: invalidation in textField
2016-05-21 DEBUG [JavaFX Application Thread] (MainFrameController.java:1022) - VALIDATE LISTENER: invalidation in textField
2016-05-21 DEBUG [JavaFX Application Thread] (MainFrameController.java:1022) - VALIDATE LISTENER: invalidation in textField
2016-05-21 DEBUG [JavaFX Application Thread] (MainFrameController.java:1022) - VALIDATE LISTENER: invalidation in textField
2016-05-21 DEBUG [JavaFX Application Thread] (MainFrameController.java:1022) - VALIDATE LISTENER: invalidation in textField
2016-05-21 DEBUG [JavaFX Application Thread] (MainFrameController.java:1022) - VALIDATE LISTENER: invalidation in textField
2016-05-21 DEBUG [JavaFX Application Thread] (MainFrameController.java:1022) - VALIDATE LISTENER: invalidation in textField
2016-05-21 DEBUG [JavaFX Application Thread] (MainFrameController.java:1022) - VALIDATE LISTENER: invalidation in textField
2016-05-21 DEBUG [JavaFX Application Thread] (MainFrameController.java:1022) - VALIDATE LISTENER: invalidation in textField
2016-05-21 DEBUG [JavaFX Application Thread] (MainFrameController.java:1022) - VALIDATE LISTENER: invalidation in textField
2016-05-21 DEBUG [JavaFX Application Thread] (MainFrameController.java:1022) - VALIDATE LISTENER: invalidation in textField
2016-05-21 DEBUG [JavaFX Application Thread] (MainFrameController.java:1022) - VALIDATE LISTENER: invalidation in textField
2016-05-21 DEBUG [JavaFX Application Thread] (MainFrameController.java:1022) - VALIDATE LISTENER: invalidation in textField
2016-05-21 DEBUG [JavaFX Application Thread] (MainFrameController.java:1022) - VALIDATE LISTENER: invalidation in textField
2016-05-21 DEBUG [JavaFX Application Thread] (MainFrameController.java:1022) - VALIDATE LISTENER: invalidation in textField
2016-05-21 DEBUG [JavaFX Application Thread] (MainFrameController.java:1022) - VALIDATE LISTENER: invalidation in textField
2016-05-21 DEBUG [JavaFX Application Thread] (MainFrameController.java:1022) - VALIDATE LISTENER: invalidation in textField
2016-05-21 DEBUG [JavaFX Application Thread] (MainFrameController.java:1022) - VALIDATE LISTENER: invalidation in textField
2016-05-21 DEBUG [JavaFX Application Thread] (MainFrameController.java:1022) - VALIDATE LISTENER: invalidation in textField
2016-05-21 DEBUG [JavaFX Application Thread] (MainFrameController.java:1022) - VALIDATE LISTENER: invalidation in textField
2016-05-21 DEBUG [JavaFX Application Thread] (MainFrameController.java:1022) - VALIDATE LISTENER: invalidation in textField
2016-05-21 DEBUG [JavaFX Application Thread] (MainFrameController.java:1022) - VALIDATE LISTENER: invalidation in textField
2016-05-21 DEBUG [JavaFX Application Thread] (MainFrameController.java:1022) - VALIDATE LISTENER: invalidation in textField
2016-05-21 DEBUG [JavaFX Application Thread] (MainFrameController.java:1022) - VALIDATE LISTENER: invalidation in textField
2016-05-21 DEBUG [JavaFX Application Thread] (MainFrameController.java:1022) - VALIDATE LISTENER: invalidation in textField
2016-05-21 DEBUG [JavaFX Application Thread] (MainFrameController.java:1022) - VALIDATE LISTENER: invalidation in textField
2016-05-21  INFO [JavaFX Application Thread] (DBManager.java:34) - The DataBase connection is established
2016-05-21 DEBUG [JavaFX Application Thread] (DBManager.java:62) - Table banks found
2016-05-21 DEBUG [JavaFX Application Thread] (DBManager.java:86) - Table company found
2016-05-21 DEBUG [JavaFX Application Thread] (DBManager.java:110) - Table currency found
2016-05-21 DEBUG [JavaFX Application Thread] (DBManager.java:134) - Table loan found
2016-05-21 DEBUG [JavaFX Application Thread] (MainFrameController.java:240) - INITIALIZING Properties Pane
2016-05-21 DEBUG [JavaFX Application Thread] (MainFrameController.java:817) - Loaded 2 records from currency table
2016-05-21 DEBUG [JavaFX Application Thread] (MainFrameController.java:677) - Loaded 2 records from bank table
2016-05-21 DEBUG [JavaFX Application Thread] (MainFrameController.java:512) - Loaded 3 records from company table
2016-05-21 DEBUG [JavaFX Application Thread] (MainFrameController.java:304) - Loaded 2 records from loan table
2016-05-21  INFO [JavaFX Application Thread] (DBManager.java:34) - The DataBase connection is established
2016-05-21 DEBUG [JavaFX Application Thread] (DBManager.java:62) - Table banks found
2016-05-21 DEBUG [JavaFX Application Thread] (DBManager.java:86) - Table company found
2016-05-21 DEBUG [JavaFX Application Thread] (DBManager.java:110) - Table currency found
2016-05-21 DEBUG [JavaFX Application Thread] (DBManager.java:134) - Table loan found
2016-05-21 DEBUG [JavaFX Application Thread] (MainFrameController.java:240) - INITIALIZING Properties Pane
2016-05-21 DEBUG [JavaFX Application Thread] (MainFrameController.java:822) - Loaded 2 records from currency table
2016-05-21 DEBUG [JavaFX Application Thread] (MainFrameController.java:682) - Loaded 2 records from bank table
2016-05-21 DEBUG [JavaFX Application Thread] (MainFrameController.java:517) - Loaded 3 records from company table
2016-05-21 DEBUG [JavaFX Application Thread] (MainFrameController.java:304) - Loaded 2 records from loan table
2016-05-21 DEBUG [JavaFX Application Thread] (MainFrameController.java:304) - Loaded 2 records from loan table
2016-05-21  INFO [JavaFX Application Thread] (DBManager.java:34) - The DataBase connection is established
2016-05-21 DEBUG [JavaFX Application Thread] (DBManager.java:62) - Table banks found
2016-05-21 DEBUG [JavaFX Application Thread] (DBManager.java:86) - Table company found
2016-05-21 DEBUG [JavaFX Application Thread] (DBManager.java:110) - Table currency found
2016-05-21 DEBUG [JavaFX Application Thread] (DBManager.java:134) - Table loan found
2016-05-21 DEBUG [JavaFX Application Thread] (MainFrameController.java:240) - INITIALIZING Properties Pane
2016-05-21 DEBUG [JavaFX Application Thread] (MainFrameController.java:823) - Loaded 2 records from currency table
2016-05-21 DEBUG [JavaFX Application Thread] (MainFrameController.java:683) - Loaded 2 records from bank table
2016-05-21 DEBUG [JavaFX Application Thread] (MainFrameController.java:518) - Loaded 3 records from company table
2016-05-21 DEBUG [JavaFX Application Thread] (MainFrameController.java:304) - Loaded 2 records from loan table
2016-05-21 DEBUG [JavaFX Application Thread] (MainFrameController.java:304) - Loaded 2 records from loan table
2016-05-21 DEBUG [JavaFX Application Thread] (MainFrameController.java:304) - Loaded 2 records from loan table
2016-05-21 DEBUG [JavaFX Application Thread] (MainFrameController.java:304) - Loaded 2 records from loan table
2016-05-21 DEBUG [JavaFX Application Thread] (MainFrameController.java:304) - Loaded 2 records from loan table
2016-05-21 DEBUG [JavaFX Application Thread] (MainFrameController.java:304) - Loaded 2 records from loan table
2016-05-21 DEBUG [JavaFX Application Thread] (MainFrameController.java:304) - Loaded 2 records from loan table
2016-05-21 DEBUG [JavaFX Application Thread] (MainFrameController.java:304) - Loaded 2 records from loan table
2016-05-21  INFO [JavaFX Application Thread] (DBManager.java:34) - The DataBase connection is established
2016-05-21 DEBUG [JavaFX Application Thread] (DBManager.java:62) - Table banks found
2016-05-21 DEBUG [JavaFX Application Thread] (DBManager.java:86) - Table company found
2016-05-21 DEBUG [JavaFX Application Thread] (DBManager.java:110) - Table currency found
2016-05-21 DEBUG [JavaFX Application Thread] (DBManager.java:134) - Table loan found
2016-05-21 DEBUG [JavaFX Application Thread] (MainFrameController.java:240) - INITIALIZING Properties Pane
2016-05-21 DEBUG [JavaFX Application Thread] (MainFrameController.java:823) - Loaded 2 records from currency table
2016-05-21 DEBUG [JavaFX Application Thread] (MainFrameController.java:683) - Loaded 2 records from bank table
2016-05-21 DEBUG [JavaFX Application Thread] (MainFrameController.java:518) - Loaded 3 records from company table
2016-05-21 DEBUG [JavaFX Application Thread] (MainFrameController.java:304) - Loaded 2 records from loan table
2016-05-21 DEBUG [JavaFX Application Thread] (MainFrameController.java:304) - Loaded 2 records from loan table
2016-05-21 DEBUG [JavaFX Application Thread] (MainFrameController.java:304) - Loaded 2 records from loan table
2016-05-21 DEBUG [JavaFX Application Thread] (MainFrameController.java:304) - Loaded 2 records from loan table
2016-05-21 DEBUG [JavaFX Application Thread] (MainFrameController.java:304) - Loaded 2 records from loan table
2016-05-21 DEBUG [JavaFX Application Thread] (MainFrameController.java:304) - Loaded 2 records from loan table
2016-05-21 DEBUG [JavaFX Application Thread] (MainFrameController.java:304) - Loaded 2 records from loan table
2016-05-21 DEBUG [JavaFX Application Thread] (MainFrameController.java:304) - Loaded 2 records from loan table
2016-05-21 DEBUG [JavaFX Application Thread] (MainFrameController.java:304) - Loaded 2 records from loan table
2016-05-21 DEBUG [JavaFX Application Thread] (MainFrameController.java:304) - Loaded 2 records from loan table
2016-05-21 DEBUG [JavaFX Application Thread] (MainFrameController.java:304) - Loaded 2 records from loan table
2016-05-21  INFO [JavaFX Application Thread] (DBManager.java:34) - The DataBase connection is established
2016-05-21 DEBUG [JavaFX Application Thread] (DBManager.java:62) - Table banks found
2016-05-21 DEBUG [JavaFX Application Thread] (DBManager.java:86) - Table company found
2016-05-21 DEBUG [JavaFX Application Thread] (DBManager.java:110) - Table currency found
2016-05-21 DEBUG [JavaFX Application Thread] (DBManager.java:134) - Table loan found
2016-05-21 DEBUG [JavaFX Application Thread] (MainFrameController.java:240) - INITIALIZING Properties Pane
2016-05-21 DEBUG [JavaFX Application Thread] (MainFrameController.java:827) - Loaded 2 records from currency table
2016-05-21 DEBUG [JavaFX Application Thread] (MainFrameController.java:687) - Loaded 2 records from bank table
2016-05-21 DEBUG [JavaFX Application Thread] (MainFrameController.java:522) - Loaded 3 records from company table
2016-05-21 DEBUG [JavaFX Application Thread] (MainFrameController.java:304) - Loaded 2 records from loan table
2016-05-21 DEBUG [JavaFX Application Thread] (MainFrameController.java:304) - Loaded 2 records from loan table
2016-05-21 DEBUG [JavaFX Application Thread] (MainFrameController.java:304) - Loaded 2 records from loan table
2016-05-21 DEBUG [JavaFX Application Thread] (MainFrameController.java:304) - Loaded 2 records from loan table
2016-05-21 DEBUG [JavaFX Application Thread] (MainFrameController.java:304) - Loaded 2 records from loan table
2016-05-21 DEBUG [JavaFX Application Thread] (MainFrameController.java:304) - Loaded 2 records from loan table
2016-05-21 DEBUG [JavaFX Application Thread] (MainFrameController.java:304) - Loaded 2 records from loan table
2016-05-21 DEBUG [JavaFX Application Thread] (MainFrameController.java:304) - Loaded 2 records from loan table
2016-05-21 DEBUG [JavaFX Application Thread] (MainFrameController.java:304) - Loaded 2 records from loan table
2016-05-21 DEBUG [JavaFX Application Thread] (MainFrameController.java:304) - Loaded 2 records from loan table
2016-05-21 DEBUG [JavaFX Application Thread] (MainFrameController.java:304) - Loaded 2 records from loan table
2016-05-21 DEBUG [JavaFX Application Thread] (MainFrameController.java:376) - SAVE Loan: loan iserted in DB
2016-05-21 DEBUG [JavaFX Application Thread] (MainFrameController.java:304) - Loaded 3 records from loan table
2016-05-21 DEBUG [JavaFX Application Thread] (MainFrameController.java:304) - Loaded 3 records from loan table
2016-05-21 DEBUG [JavaFX Application Thread] (MainFrameController.java:304) - Loaded 3 records from loan table
2016-05-21 DEBUG [JavaFX Application Thread] (MainFrameController.java:304) - Loaded 3 records from loan table
2016-05-21 DEBUG [JavaFX Application Thread] (MainFrameController.java:304) - Loaded 3 records from loan table
2016-05-21 DEBUG [JavaFX Application Thread] (MainFrameController.java:372) - SAVE Loan: loan updated in DB
2016-05-21 DEBUG [JavaFX Application Thread] (MainFrameController.java:304) - Loaded 3 records from loan table
2016-05-21 DEBUG [JavaFX Application Thread] (MainFrameController.java:304) - Loaded 3 records from loan table
2016-05-21 DEBUG [JavaFX Application Thread] (MainFrameController.java:304) - Loaded 3 records from loan table
2016-05-21 DEBUG [JavaFX Application Thread] (MainFrameController.java:304) - Loaded 3 records from loan table
2016-05-21 DEBUG [JavaFX Application Thread] (MainFrameController.java:304) - Loaded 3 records from loan table
2016-05-21 DEBUG [JavaFX Application Thread] (MainFrameController.java:304) - Loaded 3 records from loan table
2016-05-21 DEBUG [JavaFX Application Thread] (MainFrameController.java:304) - Loaded 3 records from loan table
2016-05-21 DEBUG [JavaFX Application Thread] (MainFrameController.java:304) - Loaded 3 records from loan table
2016-05-21 DEBUG [JavaFX Application Thread] (MainFrameController.java:304) - Loaded 3 records from loan table
2016-05-21 DEBUG [JavaFX Application Thread] (MainFrameController.java:304) - Loaded 3 records from loan table
2016-05-21 DEBUG [JavaFX Application Thread] (MainFrameController.java:304) - Loaded 3 records from loan table
2016-05-21 DEBUG [JavaFX Application Thread] (MainFrameController.java:304) - Loaded 3 records from loan table
2016-05-21 DEBUG [JavaFX Application Thread] (MainFrameController.java:304) - Loaded 3 records from loan table
2016-05-21 DEBUG [JavaFX Application Thread] (MainFrameController.java:304) - Loaded 3 records from loan table
2016-05-21 DEBUG [JavaFX Application Thread] (MainFrameController.java:304) - Loaded 3 records from loan table
2016-05-21 DEBUG [JavaFX Application Thread] (MainFrameController.java:304) - Loaded 3 records from loan table
2016-05-21 DEBUG [JavaFX Application Thread] (MainFrameController.java:304) - Loaded 3 records from loan table
2016-05-21 DEBUG [JavaFX Application Thread] (MainFrameController.java:304) - Loaded 3 records from loan table
2016-05-21 DEBUG [JavaFX Application Thread] (MainFrameController.java:304) - Loaded 3 records from loan table
2016-05-21 DEBUG [JavaFX Application Thread] (MainFrameController.java:304) - Loaded 3 records from loan table
2016-05-21 DEBUG [JavaFX Application Thread] (MainFrameController.java:304) - Loaded 3 records from loan table
2016-05-21  INFO [JavaFX Application Thread] (DBManager.java:34) - The DataBase connection is established
2016-05-21 DEBUG [JavaFX Application Thread] (DBManager.java:62) - Table banks found
2016-05-21 DEBUG [JavaFX Application Thread] (DBManager.java:86) - Table company found
2016-05-21 DEBUG [JavaFX Application Thread] (DBManager.java:110) - Table currency found
2016-05-21 DEBUG [JavaFX Application Thread] (DBManager.java:134) - Table loan found
2016-05-21 DEBUG [JavaFX Application Thread] (MainFrameController.java:243) - INITIALIZING Properties Pane
2016-05-21 DEBUG [JavaFX Application Thread] (MainFrameController.java:835) - Loaded 2 records from currency table
2016-05-21 DEBUG [JavaFX Application Thread] (MainFrameController.java:695) - Loaded 2 records from bank table
2016-05-21 DEBUG [JavaFX Application Thread] (MainFrameController.java:530) - Loaded 3 records from company table
2016-05-21 DEBUG [JavaFX Application Thread] (MainFrameController.java:307) - Loaded 3 records from loan table
2016-05-21  INFO [JavaFX Application Thread] (DBManager.java:34) - The DataBase connection is established
2016-05-21 DEBUG [JavaFX Application Thread] (DBManager.java:62) - Table banks found
2016-05-21 DEBUG [JavaFX Application Thread] (DBManager.java:86) - Table company found
2016-05-21 DEBUG [JavaFX Application Thread] (DBManager.java:110) - Table currency found
2016-05-21 DEBUG [JavaFX Application Thread] (DBManager.java:134) - Table loan found
2016-05-21 DEBUG [JavaFX Application Thread] (MainFrameController.java:243) - INITIALIZING Properties Pane
2016-05-21 DEBUG [JavaFX Application Thread] (MainFrameController.java:835) - Loaded 2 records from currency table
2016-05-21 DEBUG [JavaFX Application Thread] (MainFrameController.java:695) - Loaded 2 records from bank table
2016-05-21 DEBUG [JavaFX Application Thread] (MainFrameController.java:530) - Loaded 3 records from company table
2016-05-21 DEBUG [JavaFX Application Thread] (MainFrameController.java:307) - Loaded 3 records from loan table
2016-05-21 DEBUG [JavaFX Application Thread] (MainFrameController.java:571) - SAVE Company: company updated in DB
2016-05-21 DEBUG [JavaFX Application Thread] (MainFrameController.java:307) - Loaded 3 records from loan table
2016-05-21 DEBUG [JavaFX Application Thread] (MainFrameController.java:530) - Loaded 3 records from company table
2016-05-21 DEBUG [JavaFX Application Thread] (MainFrameController.java:307) - Loaded 3 records from loan table
2016-05-21 DEBUG [JavaFX Application Thread] (MainFrameController.java:307) - Loaded 3 records from loan table
2016-05-21 DEBUG [JavaFX Application Thread] (MainFrameController.java:307) - Loaded 3 records from loan table
2016-05-21 DEBUG [JavaFX Application Thread] (MainFrameController.java:307) - Loaded 3 records from loan table
2016-05-21 DEBUG [JavaFX Application Thread] (MainFrameController.java:307) - Loaded 3 records from loan table
2016-05-21 DEBUG [JavaFX Application Thread] (MainFrameController.java:307) - Loaded 3 records from loan table
2016-05-21  INFO [JavaFX Application Thread] (DBManager.java:34) - The DataBase connection is established
2016-05-21 DEBUG [JavaFX Application Thread] (DBManager.java:62) - Table banks found
2016-05-21 DEBUG [JavaFX Application Thread] (DBManager.java:86) - Table company found
2016-05-21 DEBUG [JavaFX Application Thread] (DBManager.java:110) - Table currency found
2016-05-21 DEBUG [JavaFX Application Thread] (DBManager.java:134) - Table loan found
2016-05-21 DEBUG [JavaFX Application Thread] (MainFrameController.java:243) - INITIALIZING Properties Pane
2016-05-21 DEBUG [JavaFX Application Thread] (MainFrameController.java:835) - Loaded 2 records from currency table
2016-05-21 DEBUG [JavaFX Application Thread] (MainFrameController.java:695) - Loaded 2 records from bank table
2016-05-21 DEBUG [JavaFX Application Thread] (MainFrameController.java:530) - Loaded 3 records from company table
2016-05-21 DEBUG [JavaFX Application Thread] (MainFrameController.java:307) - Loaded 3 records from loan table
2016-05-22  INFO [JavaFX Application Thread] (DBManager.java:34) - The DataBase connection is established
2016-05-22 DEBUG [JavaFX Application Thread] (DBManager.java:62) - Table banks found
2016-05-22 DEBUG [JavaFX Application Thread] (DBManager.java:86) - Table company found
2016-05-22 DEBUG [JavaFX Application Thread] (DBManager.java:110) - Table currency found
2016-05-22 DEBUG [JavaFX Application Thread] (DBManager.java:134) - Table loan found
2016-05-22 DEBUG [JavaFX Application Thread] (MainFrameController.java:243) - INITIALIZING Properties Pane
2016-05-22 DEBUG [JavaFX Application Thread] (MainFrameController.java:835) - Loaded 2 records from currency table
2016-05-22 DEBUG [JavaFX Application Thread] (MainFrameController.java:695) - Loaded 2 records from bank table
2016-05-22 DEBUG [JavaFX Application Thread] (MainFrameController.java:530) - Loaded 3 records from company table
2016-05-22 DEBUG [JavaFX Application Thread] (MainFrameController.java:307) - Loaded 3 records from loan table
2016-05-22  INFO [JavaFX Application Thread] (DBManager.java:34) - The DataBase connection is established
2016-05-22 DEBUG [JavaFX Application Thread] (DBManager.java:62) - Table banks found
2016-05-22 DEBUG [JavaFX Application Thread] (DBManager.java:86) - Table company found
2016-05-22 DEBUG [JavaFX Application Thread] (DBManager.java:110) - Table currency found
2016-05-22 DEBUG [JavaFX Application Thread] (DBManager.java:134) - Table loan found
2016-05-22 DEBUG [JavaFX Application Thread] (MainFrameController.java:247) - INITIALIZING Properties Pane
2016-05-22 DEBUG [JavaFX Application Thread] (MainFrameController.java:849) - Loaded 2 records from currency table
2016-05-22 DEBUG [JavaFX Application Thread] (MainFrameController.java:708) - Loaded 2 records from bank table
2016-05-22 DEBUG [JavaFX Application Thread] (MainFrameController.java:543) - Loaded 3 records from company table
2016-05-22 DEBUG [JavaFX Application Thread] (MainFrameController.java:320) - Loaded 3 records from loan table
2016-05-22  INFO [JavaFX Application Thread] (DBManager.java:34) - The DataBase connection is established
2016-05-22 DEBUG [JavaFX Application Thread] (DBManager.java:62) - Table banks found
2016-05-22 DEBUG [JavaFX Application Thread] (DBManager.java:86) - Table company found
2016-05-22 DEBUG [JavaFX Application Thread] (DBManager.java:110) - Table currency found
2016-05-22 DEBUG [JavaFX Application Thread] (DBManager.java:134) - Table loan found
2016-05-22 DEBUG [JavaFX Application Thread] (MainFrameController.java:247) - INITIALIZING Properties Pane
2016-05-22 DEBUG [JavaFX Application Thread] (MainFrameController.java:849) - Loaded 2 records from currency table
2016-05-22 DEBUG [JavaFX Application Thread] (MainFrameController.java:708) - Loaded 2 records from bank table
2016-05-22 DEBUG [JavaFX Application Thread] (MainFrameController.java:543) - Loaded 3 records from company table
2016-05-22 DEBUG [JavaFX Application Thread] (MainFrameController.java:320) - Loaded 3 records from loan table
2016-05-22 DEBUG [JavaFX Application Thread] (MainFrameController.java:392) - SAVE Loan: loan iserted in DB
2016-05-22 DEBUG [JavaFX Application Thread] (MainFrameController.java:320) - Loaded 4 records from loan table
2016-05-22 DEBUG [JavaFX Application Thread] (MainFrameController.java:752) - SAVE Bank: bank iserted in DB
2016-05-22 DEBUG [JavaFX Application Thread] (MainFrameController.java:320) - Loaded 4 records from loan table
2016-05-22 DEBUG [JavaFX Application Thread] (MainFrameController.java:320) - Loaded 4 records from loan table
2016-05-22 DEBUG [JavaFX Application Thread] (MainFrameController.java:708) - Loaded 3 records from bank table
2016-05-22 DEBUG [JavaFX Application Thread] (MainFrameController.java:320) - Loaded 4 records from loan table
2016-05-22 DEBUG [JavaFX Application Thread] (MainFrameController.java:320) - Loaded 4 records from loan table
2016-05-22  WARN [JavaFX Application Thread] (MainFrameController.java:396) -      message:    
2016-05-22 DEBUG [JavaFX Application Thread] (MainFrameController.java:320) - Loaded 4 records from loan table
2016-05-22  WARN [JavaFX Application Thread] (MainFrameController.java:396) -      message:        0
2016-05-22 DEBUG [JavaFX Application Thread] (MainFrameController.java:320) - Loaded 4 records from loan table
2016-05-22  WARN [JavaFX Application Thread] (MainFrameController.java:396) -      message:       
2016-05-22 DEBUG [JavaFX Application Thread] (MainFrameController.java:320) - Loaded 4 records from loan table
2016-05-22 DEBUG [JavaFX Application Thread] (MainFrameController.java:748) - SAVE Bank: bank updated in DB
2016-05-22 DEBUG [JavaFX Application Thread] (MainFrameController.java:320) - Loaded 4 records from loan table
2016-05-22 DEBUG [JavaFX Application Thread] (MainFrameController.java:320) - Loaded 4 records from loan table
2016-05-22 DEBUG [JavaFX Application Thread] (MainFrameController.java:320) - Loaded 4 records from loan table
2016-05-22 DEBUG [JavaFX Application Thread] (MainFrameController.java:320) - Loaded 4 records from loan table
2016-05-22 DEBUG [JavaFX Application Thread] (MainFrameController.java:320) - Loaded 4 records from loan table
2016-05-22 DEBUG [JavaFX Application Thread] (MainFrameController.java:708) - Loaded 3 records from bank table
2016-05-22 DEBUG [JavaFX Application Thread] (MainFrameController.java:894) - SAVE Currency: Currency iserted in DB
2016-05-22 DEBUG [JavaFX Application Thread] (MainFrameController.java:320) - Loaded 4 records from loan table
2016-05-22 DEBUG [JavaFX Application Thread] (MainFrameController.java:320) - Loaded 4 records from loan table
2016-05-22 DEBUG [JavaFX Application Thread] (MainFrameController.java:320) - Loaded 4 records from loan table
2016-05-22 DEBUG [JavaFX Application Thread] (MainFrameController.java:320) - Loaded 4 records from loan table
2016-05-22 DEBUG [JavaFX Application Thread] (MainFrameController.java:320) - Loaded 4 records from loan table
2016-05-22 DEBUG [JavaFX Application Thread] (MainFrameController.java:849) - Loaded 3 records from currency table
2016-05-22  INFO [JavaFX Application Thread] (DBManager.java:34) - The DataBase connection is established
2016-05-22 DEBUG [JavaFX Application Thread] (DBManager.java:62) - Table banks found
2016-05-22 DEBUG [JavaFX Application Thread] (DBManager.java:86) - Table company found
2016-05-22 DEBUG [JavaFX Application Thread] (DBManager.java:110) - Table currency found
2016-05-22 DEBUG [JavaFX Application Thread] (DBManager.java:134) - Table loan found
2016-05-22 DEBUG [JavaFX Application Thread] (MainFrameController.java:248) - INITIALIZING Properties Pane
2016-05-22 DEBUG [JavaFX Application Thread] (MainFrameController.java:851) - Loaded 3 records from currency table
2016-05-22 DEBUG [JavaFX Application Thread] (MainFrameController.java:710) - Loaded 3 records from bank table
2016-05-22 DEBUG [JavaFX Application Thread] (MainFrameController.java:545) - Loaded 3 records from company table
2016-05-22 DEBUG [JavaFX Application Thread] (MainFrameController.java:321) - Loaded 4 records from loan table
2016-05-22  INFO [JavaFX Application Thread] (DBManager.java:34) - The DataBase connection is established
2016-05-22 DEBUG [JavaFX Application Thread] (DBManager.java:62) - Table banks found
2016-05-22 DEBUG [JavaFX Application Thread] (DBManager.java:86) - Table company found
2016-05-22 DEBUG [JavaFX Application Thread] (DBManager.java:110) - Table currency found
2016-05-22 DEBUG [JavaFX Application Thread] (DBManager.java:134) - Table loan found
2016-05-22 DEBUG [JavaFX Application Thread] (MainFrameController.java:248) - INITIALIZING Properties Pane
2016-05-22 DEBUG [JavaFX Application Thread] (MainFrameController.java:851) - Loaded 3 records from currency table
2016-05-22 DEBUG [JavaFX Application Thread] (MainFrameController.java:710) - Loaded 3 records from bank table
2016-05-22 DEBUG [JavaFX Application Thread] (MainFrameController.java:545) - Loaded 3 records from company table
2016-05-22 DEBUG [JavaFX Application Thread] (MainFrameController.java:321) - Loaded 4 records from loan table
2016-05-22 DEBUG [JavaFX Application Thread] (MainFrameController.java:754) - SAVE Bank: bank iserted in DB
2016-05-22 DEBUG [JavaFX Application Thread] (MainFrameController.java:321) - Loaded 4 records from loan table
2016-05-22 DEBUG [JavaFX Application Thread] (MainFrameController.java:710) - Loaded 4 records from bank table
2016-05-22 DEBUG [JavaFX Application Thread] (MainFrameController.java:321) - Loaded 4 records from loan table
2016-05-22 DEBUG [JavaFX Application Thread] (MainFrameController.java:321) - Loaded 4 records from loan table
2016-05-22 DEBUG [JavaFX Application Thread] (MainFrameController.java:321) - Loaded 4 records from loan table
2016-05-22 DEBUG [JavaFX Application Thread] (MainFrameController.java:321) - Loaded 4 records from loan table
2016-05-22 DEBUG [JavaFX Application Thread] (MainFrameController.java:321) - Loaded 4 records from loan table
2016-05-22 DEBUG [JavaFX Application Thread] (MainFrameController.java:321) - Loaded 4 records from loan table
2016-05-22 DEBUG [JavaFX Application Thread] (MainFrameController.java:321) - Loaded 4 records from loan table
2016-05-22 DEBUG [JavaFX Application Thread] (MainFrameController.java:321) - Loaded 4 records from loan table
2016-05-22  INFO [JavaFX Application Thread] (DBManager.java:34) - The DataBase connection is established
2016-05-22 DEBUG [JavaFX Application Thread] (DBManager.java:62) - Table banks found
2016-05-22 DEBUG [JavaFX Application Thread] (DBManager.java:86) - Table company found
2016-05-22 DEBUG [JavaFX Application Thread] (DBManager.java:110) - Table currency found
2016-05-22 DEBUG [JavaFX Application Thread] (DBManager.java:134) - Table loan found
2016-05-22 DEBUG [JavaFX Application Thread] (MainFrameController.java:268) - INITIALIZING Properties Pane
2016-05-22 DEBUG [JavaFX Application Thread] (MainFrameController.java:883) - Loaded 3 records from currency table
2016-05-22 DEBUG [JavaFX Application Thread] (MainFrameController.java:742) - Loaded 4 records from bank table
2016-05-22 DEBUG [JavaFX Application Thread] (MainFrameController.java:577) - Loaded 3 records from company table
2016-05-22 DEBUG [JavaFX Application Thread] (MainFrameController.java:341) - Loaded 4 records from loan table
2016-05-22  INFO [JavaFX Application Thread] (DBManager.java:34) - The DataBase connection is established
2016-05-22 DEBUG [JavaFX Application Thread] (DBManager.java:62) - Table banks found
2016-05-22 DEBUG [JavaFX Application Thread] (DBManager.java:86) - Table company found
2016-05-22 DEBUG [JavaFX Application Thread] (DBManager.java:110) - Table currency found
2016-05-22 DEBUG [JavaFX Application Thread] (DBManager.java:134) - Table loan found
2016-05-22 DEBUG [JavaFX Application Thread] (MainFrameController.java:268) - INITIALIZING Properties Pane
2016-05-22 DEBUG [JavaFX Application Thread] (MainFrameController.java:893) - Loaded 3 records from currency table
2016-05-22 DEBUG [JavaFX Application Thread] (MainFrameController.java:752) - Loaded 4 records from bank table
2016-05-22 DEBUG [JavaFX Application Thread] (MainFrameController.java:587) - Loaded 3 records from company table
2016-05-22 DEBUG [JavaFX Application Thread] (MainFrameController.java:341) - Loaded 4 records from loan table
2016-05-22  INFO [JavaFX Application Thread] (DBManager.java:34) - The DataBase connection is established
2016-05-22 DEBUG [JavaFX Application Thread] (DBManager.java:62) - Table banks found
2016-05-22 DEBUG [JavaFX Application Thread] (DBManager.java:86) - Table company found
2016-05-22 DEBUG [JavaFX Application Thread] (DBManager.java:110) - Table currency found
2016-05-22 DEBUG [JavaFX Application Thread] (DBManager.java:134) - Table loan found
2016-05-22 DEBUG [JavaFX Application Thread] (MainFrameController.java:268) - INITIALIZING Properties Pane
2016-05-22 DEBUG [JavaFX Application Thread] (MainFrameController.java:893) - Loaded 3 records from currency table
2016-05-22 DEBUG [JavaFX Application Thread] (MainFrameController.java:752) - Loaded 4 records from bank table
2016-05-22 DEBUG [JavaFX Application Thread] (MainFrameController.java:587) - Loaded 3 records from company table
2016-05-22 DEBUG [JavaFX Application Thread] (MainFrameController.java:341) - Loaded 4 records from loan table
2016-05-22  INFO [JavaFX Application Thread] (DBManager.java:34) - The DataBase connection is established
2016-05-22 DEBUG [JavaFX Application Thread] (DBManager.java:62) - Table banks found
2016-05-22 DEBUG [JavaFX Application Thread] (DBManager.java:86) - Table company found
2016-05-22 DEBUG [JavaFX Application Thread] (DBManager.java:110) - Table currency found
2016-05-22 DEBUG [JavaFX Application Thread] (DBManager.java:134) - Table loan found
2016-05-22 DEBUG [JavaFX Application Thread] (MainFrameController.java:268) - INITIALIZING Properties Pane
2016-05-22 DEBUG [JavaFX Application Thread] (MainFrameController.java:893) - Loaded 3 records from currency table
2016-05-22 DEBUG [JavaFX Application Thread] (MainFrameController.java:752) - Loaded 4 records from bank table
2016-05-22 DEBUG [JavaFX Application Thread] (MainFrameController.java:587) - Loaded 3 records from company table
2016-05-22 DEBUG [JavaFX Application Thread] (MainFrameController.java:341) - Loaded 4 records from loan table
2016-05-22  INFO [JavaFX Application Thread] (DBManager.java:34) - The DataBase connection is established
2016-05-22 DEBUG [JavaFX Application Thread] (DBManager.java:62) - Table banks found
2016-05-22 DEBUG [JavaFX Application Thread] (DBManager.java:86) - Table company found
2016-05-22 DEBUG [JavaFX Application Thread] (DBManager.java:110) - Table currency found
2016-05-22 DEBUG [JavaFX Application Thread] (DBManager.java:134) - Table loan found
2016-05-22 DEBUG [JavaFX Application Thread] (MainFrameController.java:268) - INITIALIZING Properties Pane
2016-05-22 DEBUG [JavaFX Application Thread] (MainFrameController.java:893) - Loaded 3 records from currency table
2016-05-22 DEBUG [JavaFX Application Thread] (MainFrameController.java:752) - Loaded 4 records from bank table
2016-05-22 DEBUG [JavaFX Application Thread] (MainFrameController.java:587) - Loaded 3 records from company table
2016-05-22 DEBUG [JavaFX Application Thread] (MainFrameController.java:341) - Loaded 4 records from loan table
2016-05-22 DEBUG [JavaFX Application Thread] (MainFrameController.java:410) - SAVE Loan: loan updated in DB
2016-05-22 DEBUG [JavaFX Application Thread] (MainFrameController.java:341) - Loaded 4 records from loan table
2016-05-22 DEBUG [JavaFX Application Thread] (MainFrameController.java:506) - OK CHOISED!
2016-05-22 DEBUG [JavaFX Application Thread] (MainFrameController.java:341) - Loaded 3 records from loan table
2016-05-22  INFO [JavaFX Application Thread] (MainFrameController.java:510) - Loan has been deleted
2016-05-22  WARN [main] (DBManager.java:36) -     
2016-05-22  WARN [main] (DBManager.java:37) -      'Loans';     .
2016-05-22  WARN [main] (DBManager.java:36) -     
2016-05-22  WARN [main] (DBManager.java:37) -      'Loans';     .
2016-05-22  INFO [main] (DBManager.java:34) - The DataBase connection is established
2016-05-22 DEBUG [main] (DBManager.java:62) - Table banks found
2016-05-22 DEBUG [main] (DBManager.java:86) - Table company found
2016-05-22 DEBUG [main] (DBManager.java:110) - Table currency found
2016-05-22 DEBUG [main] (DBManager.java:134) - Table loan found
2016-05-22  INFO [main] (DBManager.java:34) - The DataBase connection is established
2016-05-22 DEBUG [main] (DBManager.java:62) - Table banks found
2016-05-22 DEBUG [main] (DBManager.java:86) - Table company found
2016-05-22 DEBUG [main] (DBManager.java:110) - Table currency found
2016-05-22 DEBUG [main] (DBManager.java:134) - Table loan found
2016-05-22 DEBUG [main] (LoanMonthCalculator.java:41) - Days in year = 366
2016-05-22 DEBUG [main] (LoanMonthCalculator.java:41) - Days in year = 366
2016-05-22 DEBUG [main] (LoanMonthCalculator.java:43) - Persent = 0.1
2016-05-22 DEBUG [main] (LoanMonthCalculator.java:45) - S * persent = 100.0
2016-05-22 DEBUG [main] (LoanMonthCalculator.java:41) - Days in year = 366
2016-05-22 DEBUG [main] (LoanMonthCalculator.java:43) - Persent = 0.1
2016-05-22 DEBUG [main] (LoanMonthCalculator.java:45) - S * persent = 100.0
2016-05-22 DEBUG [main] (LoanMonthCalculator.java:41) - Days in year = 366.00
2016-05-22 DEBUG [main] (LoanMonthCalculator.java:43) - Persent = 0.1
2016-05-22 DEBUG [main] (LoanMonthCalculator.java:45) - S * persent = 100.0
2016-05-22 DEBUG [main] (LoanMonthCalculator.java:41) - Days in year = 366.00
2016-05-22 DEBUG [main] (LoanMonthCalculator.java:43) - Persent = 0.1
2016-05-22 DEBUG [main] (LoanMonthCalculator.java:45) - S * persent = 100.00
2016-05-22 DEBUG [main] (LoanMonthCalculator.java:41) - Days in year = 366.00
2016-05-22 DEBUG [main] (LoanMonthCalculator.java:43) - Persent = 0.1
2016-05-22 DEBUG [main] (LoanMonthCalculator.java:45) - S * persent = 100.00
2016-05-22 DEBUG [main] (LoanMonthCalculator.java:41) - Days in year = 366.00
2016-05-22 DEBUG [main] (LoanMonthCalculator.java:43) - Persent = 0.10
2016-05-22 DEBUG [main] (LoanMonthCalculator.java:45) - S * persent = 100.00
2016-05-22 DEBUG [main] (LoanMonthCalculator.java:41) - Days in year = 366.00
2016-05-22 DEBUG [main] (LoanMonthCalculator.java:43) - Persent = 0.10
2016-05-22 DEBUG [main] (LoanMonthCalculator.java:45) - S * persent = 100.00
2016-05-22 DEBUG [main] (LoanMonthCalculator.java:42) - Days in year = 366.00
2016-05-22 DEBUG [main] (LoanMonthCalculator.java:44) - Persent = 0.10
2016-05-22 DEBUG [main] (LoanMonthCalculator.java:46) - S * persent = 100.00
2016-05-22 DEBUG [main] (LoanMonthCalculator.java:48) - S * persent / Days in year = 0.27
2016-05-22 DEBUG [main] (LoanMonthCalculator.java:44) - Days in year = 366
2016-05-22 DEBUG [main] (LoanMonthCalculator.java:46) - Persent = 0.10
2016-05-22 DEBUG [main] (LoanMonthCalculator.java:48) - S * persent = 100.00
2016-05-22 DEBUG [main] (LoanMonthCalculator.java:50) - S * persent / Days in year = 0.27
2016-05-22 DEBUG [main] (LoanMonthCalculator.java:44) - Days in year = 366
2016-05-22 DEBUG [main] (LoanMonthCalculator.java:46) - Persent = 0.10
2016-05-22 DEBUG [main] (LoanMonthCalculator.java:48) - S * persent = 100.0000
2016-05-22 DEBUG [main] (LoanMonthCalculator.java:50) - S * persent / Days in year = 0.27
2016-05-22 DEBUG [main] (LoanMonthCalculator.java:46) - Days in year = 366
2016-05-22 DEBUG [main] (LoanMonthCalculator.java:49) - (R/100) = 0.10
2016-05-22 DEBUG [main] (LoanMonthCalculator.java:52) - S * (R/100) = 100.0000
2016-05-22 DEBUG [main] (LoanMonthCalculator.java:56) - (S * (R/100)) / Days in year = 0.27
2016-05-22 DEBUG [main] (LoanMonthCalculator.java:60) - (S * (R/100)) / Days in year*(D - Dbp) = 2.43
2016-05-22 DEBUG [main] (LoanMonthCalculator.java:64) - (S - Sm) = 950.00
2016-05-22 DEBUG [main] (LoanMonthCalculator.java:68) - (S - Sm)*(R/100) = 95.0000
2016-05-22 DEBUG [main] (LoanMonthCalculator.java:72) - ((S - Sm)*(R/100))/    = 0.26
2016-05-22 DEBUG [main] (LoanMonthCalculator.java:76) - ((S - Sm)*(R/100))/   *(Dep-D) = -1.56
2016-05-22 DEBUG [main] (LoanMonthCalculator.java:46) - Days in year = 366
2016-05-22 DEBUG [main] (LoanMonthCalculator.java:49) - (R/100) = 0.10
2016-05-22 DEBUG [main] (LoanMonthCalculator.java:52) - S * (R/100) = 100.0000
2016-05-22 DEBUG [main] (LoanMonthCalculator.java:56) - (S * (R/100)) / Days in year = 0.27
2016-05-22 DEBUG [main] (LoanMonthCalculator.java:60) - (S * (R/100)) / Days in year*(D - Dbp) = -2.43
2016-05-22 DEBUG [main] (LoanMonthCalculator.java:64) - (S - Sm) = 950.00
2016-05-22 DEBUG [main] (LoanMonthCalculator.java:68) - (S - Sm)*(R/100) = 95.0000
2016-05-22 DEBUG [main] (LoanMonthCalculator.java:72) - ((S - Sm)*(R/100))/    = 0.26
2016-05-22 DEBUG [main] (LoanMonthCalculator.java:76) - ((S - Sm)*(R/100))/   *(Dep-D) = 1.56
2016-05-22 DEBUG [main] (LoanMonthCalculator.java:45) - D - Dbp = 9
2016-05-22 DEBUG [main] (LoanMonthCalculator.java:46) - Dep - D = -6
2016-05-22 DEBUG [main] (LoanMonthCalculator.java:50) - Days in year = 366
2016-05-22 DEBUG [main] (LoanMonthCalculator.java:53) - (R/100) = 0.10
2016-05-22 DEBUG [main] (LoanMonthCalculator.java:56) - S * (R/100) = 100.0000
2016-05-22 DEBUG [main] (LoanMonthCalculator.java:60) - (S * (R/100)) / Days in year = 0.27
2016-05-22 DEBUG [main] (LoanMonthCalculator.java:64) - (S * (R/100)) / Days in year*(D - Dbp) = 2.43
2016-05-22 DEBUG [main] (LoanMonthCalculator.java:68) - (S - Sm) = 950.00
2016-05-22 DEBUG [main] (LoanMonthCalculator.java:72) - (S - Sm)*(R/100) = 95.0000
2016-05-22 DEBUG [main] (LoanMonthCalculator.java:76) - ((S - Sm)*(R/100))/    = 0.26
2016-05-22 DEBUG [main] (LoanMonthCalculator.java:80) - ((S - Sm)*(R/100))/   *(Dep-D) = -1.56
2016-05-22 DEBUG [main] (LoanMonthCalculator.java:45) - D - Dbp = 9
2016-05-22 DEBUG [main] (LoanMonthCalculator.java:46) - Dep - D = 22
2016-05-22 DEBUG [main] (LoanMonthCalculator.java:50) - Days in year = 366
2016-05-22 DEBUG [main] (LoanMonthCalculator.java:53) - (R/100) = 0.10
2016-05-22 DEBUG [main] (LoanMonthCalculator.java:56) - S * (R/100) = 100.0000
2016-05-22 DEBUG [main] (LoanMonthCalculator.java:60) - (S * (R/100)) / Days in year = 0.27
2016-05-22 DEBUG [main] (LoanMonthCalculator.java:64) - (S * (R/100)) / Days in year*(D - Dbp) = 2.43
2016-05-22 DEBUG [main] (LoanMonthCalculator.java:68) - (S - Sm) = 950.00
2016-05-22 DEBUG [main] (LoanMonthCalculator.java:72) - (S - Sm)*(R/100) = 95.0000
2016-05-22 DEBUG [main] (LoanMonthCalculator.java:76) - ((S - Sm)*(R/100))/    = 0.26
2016-05-22 DEBUG [main] (LoanMonthCalculator.java:80) - ((S - Sm)*(R/100))/   *(Dep-D) = 5.72
2016-05-22 DEBUG [main] (LoanMonthCalculator.java:45) - D - Dbp = 9
2016-05-22 DEBUG [main] (LoanMonthCalculator.java:46) - Dep - D = 22
2016-05-22 DEBUG [main] (LoanMonthCalculator.java:50) - Days in year = 366
2016-05-22 DEBUG [main] (LoanMonthCalculator.java:53) - (R/100) = 0.1000
2016-05-22 DEBUG [main] (LoanMonthCalculator.java:56) - S * (R/100) = 100.00000000
2016-05-22 DEBUG [main] (LoanMonthCalculator.java:60) - (S * (R/100)) / Days in year = 0.2732
2016-05-22 DEBUG [main] (LoanMonthCalculator.java:64) - (S * (R/100)) / Days in year*(D - Dbp) = 2.4588
2016-05-22 DEBUG [main] (LoanMonthCalculator.java:68) - (S - Sm) = 950.0000
2016-05-22 DEBUG [main] (LoanMonthCalculator.java:72) - (S - Sm)*(R/100) = 95.00000000
2016-05-22 DEBUG [main] (LoanMonthCalculator.java:76) - ((S - Sm)*(R/100))/    = 0.2596
2016-05-22 DEBUG [main] (LoanMonthCalculator.java:80) - ((S - Sm)*(R/100))/   *(Dep-D) = 5.7112
2016-05-22 DEBUG [main] (LoanMonthCalculator.java:45) - D - Dbp = 9
2016-05-22 DEBUG [main] (LoanMonthCalculator.java:46) - Dep - D = 22
2016-05-22 DEBUG [main] (LoanMonthCalculator.java:50) - Days in year = 366
2016-05-22 DEBUG [main] (LoanMonthCalculator.java:53) - (R/100) = 0.1000
2016-05-22 DEBUG [main] (LoanMonthCalculator.java:56) - S * (R/100) = 100.00000000
2016-05-22 DEBUG [main] (LoanMonthCalculator.java:60) - (S * (R/100)) / Days in year = 0.2732
2016-05-22 DEBUG [main] (LoanMonthCalculator.java:64) - (S * (R/100)) / Days in year*(D - Dbp) = 2.4588
2016-05-22 DEBUG [main] (LoanMonthCalculator.java:68) - (S - Sm) = 950.0000
2016-05-22 DEBUG [main] (LoanMonthCalculator.java:72) - (S - Sm)*(R/100) = 95.00000000
2016-05-22 DEBUG [main] (LoanMonthCalculator.java:76) - ((S - Sm)*(R/100))/    = 0.2596
2016-05-22 DEBUG [main] (LoanMonthCalculator.java:80) - ((S - Sm)*(R/100))/   *(Dep-D) = 5.7112
2016-05-22 DEBUG [main] (LoanUSMonthCalculator.java:43) - D - Dbp = 9
2016-05-22 DEBUG [main] (LoanUSMonthCalculator.java:44) - Dep - D = 22
2016-05-22 DEBUG [main] (LoanUSMonthCalculator.java:48) - Days in year = 366
2016-05-22 DEBUG [main] (LoanUSMonthCalculator.java:51) - (R/100) = 0.1000
2016-05-22 DEBUG [main] (LoanUSMonthCalculator.java:54) - S * (R/100) = 100.00000000
2016-05-22 DEBUG [main] (LoanUSMonthCalculator.java:58) - (S * (R/100)) / Days in year = 0.2732
2016-05-22 DEBUG [main] (LoanUSMonthCalculator.java:62) - (S * (R/100)) / Days in year*(D - Dbp) = 2.4588
2016-05-22 DEBUG [main] (LoanUSMonthCalculator.java:66) - (S - Sm) = 900.0000
2016-05-22 DEBUG [main] (LoanUSMonthCalculator.java:70) - (S - Sm)*(R/100) = 90.00000000
2016-05-22 DEBUG [main] (LoanUSMonthCalculator.java:74) - ((S - Sm)*(R/100))/    = 0.2459
2016-05-22 DEBUG [main] (LoanUSMonthCalculator.java:78) - ((S - Sm)*(R/100))/   *(Dep-D) = 5.4098
2016-05-22 DEBUG [main] (LoanUSMonthCalculator.java:44) - D - Dbp = 9
2016-05-22 DEBUG [main] (LoanUSMonthCalculator.java:45) - Dep - D = 22
2016-05-22 DEBUG [main] (LoanUSMonthCalculator.java:49) - Days in year = 366
2016-05-22 DEBUG [main] (LoanUSMonthCalculator.java:52) - (R/100) = 0.1000
2016-05-22 DEBUG [main] (LoanUSMonthCalculator.java:55) - S * (R/100) = 100.00000000
2016-05-22 DEBUG [main] (LoanUSMonthCalculator.java:59) - (S * (R/100)) / Days in year = 0.2732
2016-05-22 DEBUG [main] (LoanUSMonthCalculator.java:63) - (S * (R/100)) / Days in year*(D - Dbp) = 2.4588
2016-05-22 DEBUG [main] (LoanUSMonthCalculator.java:67) - (S - Sm) = 900.0000
2016-05-22 DEBUG [main] (LoanUSMonthCalculator.java:71) - (S - Sm)*(R/100) = 90.00000000
2016-05-22 DEBUG [main] (LoanUSMonthCalculator.java:75) - ((S - Sm)*(R/100))/    = 0.2459
2016-05-22 DEBUG [main] (LoanUSMonthCalculator.java:79) - ((S - Sm)*(R/100))/   *(Dep-D) = 5.4098
2016-05-22 DEBUG [main] (LoanUSMonthCalculator.java:44) - D - Dbp = 9
2016-05-22 DEBUG [main] (LoanUSMonthCalculator.java:45) - Dep - D = 22
2016-05-22 DEBUG [main] (LoanUSMonthCalculator.java:49) - Days in year = 360
2016-05-22 DEBUG [main] (LoanUSMonthCalculator.java:52) - (R/100) = 0.1000
2016-05-22 DEBUG [main] (LoanUSMonthCalculator.java:55) - S * (R/100) = 100.00000000
2016-05-22 DEBUG [main] (LoanUSMonthCalculator.java:59) - (S * (R/100)) / 360 = 0.2778
2016-05-22 DEBUG [main] (LoanUSMonthCalculator.java:63) - (S * (R/100)) / 360 *(D - Dbp) = 2.5002
2016-05-22 DEBUG [main] (LoanUSMonthCalculator.java:67) - (S - Sm) = 900.0000
2016-05-22 DEBUG [main] (LoanUSMonthCalculator.java:71) - (S - Sm)*(R/100) = 90.00000000
2016-05-22 DEBUG [main] (LoanUSMonthCalculator.java:75) - ((S - Sm)*(R/100))/360 = 0.2500
2016-05-22 DEBUG [main] (LoanUSMonthCalculator.java:79) - ((S - Sm)*(R/100))/   *(Dep-D) = 5.5000
2016-05-22 DEBUG [main] (LoanUSMonthCalculator.java:83) - ((S - Sm)*(R/100))/   *(Dep-D) = 5.5000
2016-05-22 DEBUG [main] (LoanUSMonthCalculator.java:44) - D - Dbp = 9
2016-05-22 DEBUG [main] (LoanUSMonthCalculator.java:45) - Dep - D = 22
2016-05-22 DEBUG [main] (LoanUSMonthCalculator.java:49) - Days in year = 360
2016-05-22 DEBUG [main] (LoanUSMonthCalculator.java:52) - (R/100) = 0.1000
2016-05-22 DEBUG [main] (LoanUSMonthCalculator.java:55) - S * (R/100) = 100.00000000
2016-05-22 DEBUG [main] (LoanUSMonthCalculator.java:59) - (S * (R/100)) / 360 = 0.2778
2016-05-22 DEBUG [main] (LoanUSMonthCalculator.java:63) - (S * (R/100)) / 360 *(D - Dbp) = 2.5002
2016-05-22 DEBUG [main] (LoanUSMonthCalculator.java:67) - (S - Sm) = 900.0000
2016-05-22 DEBUG [main] (LoanUSMonthCalculator.java:71) - (S - Sm)*(R/100) = 90.00000000
2016-05-22 DEBUG [main] (LoanUSMonthCalculator.java:75) - ((S - Sm)*(R/100))/360 = 0.2500
2016-05-22 DEBUG [main] (LoanUSMonthCalculator.java:79) - ((S - Sm)*(R/100))/   *(Dep-D) = 5.5000
2016-05-22 DEBUG [main] (LoanUSMonthCalculator.java:83) - ((S - Sm)*(R/100))/   *(Dep-D) = 5.5000
2016-05-22 DEBUG [main] (LoanYearCalculator.java:38) - Days in year = 366.00
2016-05-22 DEBUG [main] (LoanYearCalculator.java:41) - Persent = 0.1000
2016-05-22 DEBUG [main] (LoanYearCalculator.java:44) - S * persent = 100.000000
2016-05-22 DEBUG [main] (LoanYearCalculator.java:47) - S * persent / Days in year = 0.2732
2016-05-22 DEBUG [main] (LoanYearCalculator.java:38) - Days in year = 366.00
2016-05-22 DEBUG [main] (LoanYearCalculator.java:41) - Persent = 0.1000
2016-05-22 DEBUG [main] (LoanYearCalculator.java:44) - S * persent = 100.000000
2016-05-22 DEBUG [main] (LoanYearCalculator.java:47) - S * persent / Days in year = 0.2732
2016-05-22 DEBUG [main] (LoanUSYearCalculator.java:37) - Days in year = 360.00
2016-05-22 DEBUG [main] (LoanUSYearCalculator.java:40) - Persent = 0.1000
2016-05-22 DEBUG [main] (LoanUSYearCalculator.java:43) - S * persent = 100.000000
2016-05-22 DEBUG [main] (LoanUSYearCalculator.java:46) - S * persent / Days in year = 0.2778
2016-05-22 DEBUG [main] (LoanUSYearCalculator.java:37) - Days in year = 360.00
2016-05-22 DEBUG [main] (LoanUSYearCalculator.java:40) - Persent = 0.1000
2016-05-22 DEBUG [main] (LoanUSYearCalculator.java:43) - S * persent = 100.000000
2016-05-22 DEBUG [main] (LoanUSYearCalculator.java:46) - S * persent / Days in year = 0.2778
2016-05-22  INFO [JavaFX Application Thread] (DBManager.java:34) - The DataBase connection is established
2016-05-22 DEBUG [JavaFX Application Thread] (DBManager.java:62) - Table banks found
2016-05-22 DEBUG [JavaFX Application Thread] (DBManager.java:86) - Table company found
2016-05-22 DEBUG [JavaFX Application Thread] (DBManager.java:110) - Table currency found
2016-05-22 DEBUG [JavaFX Application Thread] (DBManager.java:134) - Table loan found
2016-05-22 DEBUG [JavaFX Application Thread] (MainFrameController.java:282) - INITIALIZING Properties Pane
2016-05-22 DEBUG [JavaFX Application Thread] (MainFrameController.java:928) - Loaded 3 records from currency table
2016-05-22 DEBUG [JavaFX Application Thread] (MainFrameController.java:787) - Loaded 4 records from bank table
2016-05-22 DEBUG [JavaFX Application Thread] (MainFrameController.java:622) - Loaded 3 records from company table
2016-05-22 DEBUG [JavaFX Application Thread] (MainFrameController.java:355) - Loaded 3 records from loan table
2016-05-22  INFO [JavaFX Application Thread] (DBManager.java:34) - The DataBase connection is established
2016-05-22 DEBUG [JavaFX Application Thread] (DBManager.java:62) - Table banks found
2016-05-22 DEBUG [JavaFX Application Thread] (DBManager.java:86) - Table company found
2016-05-22 DEBUG [JavaFX Application Thread] (DBManager.java:110) - Table currency found
2016-05-22 DEBUG [JavaFX Application Thread] (DBManager.java:134) - Table loan found
2016-05-22 DEBUG [JavaFX Application Thread] (MainFrameController.java:282) - INITIALIZING Properties Pane
2016-05-22 DEBUG [JavaFX Application Thread] (MainFrameController.java:928) - Loaded 3 records from currency table
2016-05-22 DEBUG [JavaFX Application Thread] (MainFrameController.java:787) - Loaded 4 records from bank table
2016-05-22 DEBUG [JavaFX Application Thread] (MainFrameController.java:622) - Loaded 3 records from company table
2016-05-22 DEBUG [JavaFX Application Thread] (MainFrameController.java:355) - Loaded 3 records from loan table
2016-05-22  INFO [JavaFX Application Thread] (DBManager.java:34) - The DataBase connection is established
2016-05-22 DEBUG [JavaFX Application Thread] (DBManager.java:62) - Table banks found
2016-05-22 DEBUG [JavaFX Application Thread] (DBManager.java:86) - Table company found
2016-05-22 DEBUG [JavaFX Application Thread] (DBManager.java:110) - Table currency found
2016-05-22 DEBUG [JavaFX Application Thread] (DBManager.java:134) - Table loan found
2016-05-22 DEBUG [JavaFX Application Thread] (MainFrameController.java:284) - INITIALIZING Properties Pane
2016-05-22 DEBUG [JavaFX Application Thread] (MainFrameController.java:1007) - Loaded 3 records from currency table
2016-05-22 DEBUG [JavaFX Application Thread] (MainFrameController.java:866) - Loaded 4 records from bank table
2016-05-22 DEBUG [JavaFX Application Thread] (MainFrameController.java:701) - Loaded 3 records from company table
2016-05-22 DEBUG [JavaFX Application Thread] (MainFrameController.java:357) - Loaded 3 records from loan table
2016-05-22 DEBUG [JavaFX Application Thread] (LoanYearCalculator.java:38) - Days in year = 366.00
2016-05-22 DEBUG [JavaFX Application Thread] (LoanYearCalculator.java:41) - Persent = 0.0060
2016-05-22 DEBUG [JavaFX Application Thread] (LoanYearCalculator.java:44) - S * persent = 60.000000
2016-05-22 DEBUG [JavaFX Application Thread] (LoanYearCalculator.java:47) - S * persent / Days in year = 0.1639
2016-05-22 DEBUG [JavaFX Application Thread] (LoanYearCalculator.java:38) - Days in year = 366.00
2016-05-22 DEBUG [JavaFX Application Thread] (LoanYearCalculator.java:41) - Persent = 0.0060
2016-05-22 DEBUG [JavaFX Application Thread] (LoanYearCalculator.java:44) - S * persent = 60.000000
2016-05-22 DEBUG [JavaFX Application Thread] (LoanYearCalculator.java:47) - S * persent / Days in year = 0.1639
2016-05-22 DEBUG [JavaFX Application Thread] (LoanYearCalculator.java:38) - Days in year = 366.00
2016-05-22 DEBUG [JavaFX Application Thread] (LoanYearCalculator.java:41) - Persent = 0.0060
2016-05-22 DEBUG [JavaFX Application Thread] (LoanYearCalculator.java:44) - S * persent = 60.000000
2016-05-22 DEBUG [JavaFX Application Thread] (LoanYearCalculator.java:47) - S * persent / Days in year = 0.1639
2016-05-22 DEBUG [JavaFX Application Thread] (MainFrameController.java:426) - SAVE Loan: loan updated in DB
2016-05-22 DEBUG [JavaFX Application Thread] (MainFrameController.java:357) - Loaded 3 records from loan table
2016-05-22 DEBUG [JavaFX Application Thread] (MainFrameController.java:426) - SAVE Loan: loan updated in DB
2016-05-22 DEBUG [JavaFX Application Thread] (MainFrameController.java:357) - Loaded 3 records from loan table
2016-05-22 DEBUG [JavaFX Application Thread] (LoanYearCalculator.java:38) - Days in year = 366.00
2016-05-22 DEBUG [JavaFX Application Thread] (LoanYearCalculator.java:41) - Persent = 0.1000
2016-05-22 DEBUG [JavaFX Application Thread] (LoanYearCalculator.java:44) - S * persent = 1000.000000
2016-05-22 DEBUG [JavaFX Application Thread] (LoanYearCalculator.java:47) - S * persent / Days in year = 2.7322
2016-05-22  INFO [JavaFX Application Thread] (DBManager.java:34) - The DataBase connection is established
2016-05-22 DEBUG [JavaFX Application Thread] (DBManager.java:62) - Table banks found
2016-05-22 DEBUG [JavaFX Application Thread] (DBManager.java:86) - Table company found
2016-05-22 DEBUG [JavaFX Application Thread] (DBManager.java:110) - Table currency found
2016-05-22 DEBUG [JavaFX Application Thread] (DBManager.java:134) - Table loan found
2016-05-22 DEBUG [JavaFX Application Thread] (MainFrameController.java:284) - INITIALIZING Properties Pane
2016-05-22 DEBUG [JavaFX Application Thread] (MainFrameController.java:1007) - Loaded 3 records from currency table
2016-05-22 DEBUG [JavaFX Application Thread] (MainFrameController.java:866) - Loaded 4 records from bank table
2016-05-22 DEBUG [JavaFX Application Thread] (MainFrameController.java:701) - Loaded 3 records from company table
2016-05-22 DEBUG [JavaFX Application Thread] (MainFrameController.java:357) - Loaded 3 records from loan table
2016-05-22 DEBUG [JavaFX Application Thread] (LoanYearCalculator.java:38) - Days in year = 366.00
2016-05-22 DEBUG [JavaFX Application Thread] (LoanYearCalculator.java:41) - Persent = 0.1000
2016-05-22 DEBUG [JavaFX Application Thread] (LoanYearCalculator.java:44) - S * persent = 1000.000000
2016-05-22 DEBUG [JavaFX Application Thread] (LoanYearCalculator.java:47) - S * persent / Days in year = 2.7322
2016-05-22  INFO [JavaFX Application Thread] (MainFrameController.java:604) - Result calculating = 0.00
2016-05-22 DEBUG [JavaFX Application Thread] (MainFrameController.java:426) - SAVE Loan: loan updated in DB
2016-05-22 DEBUG [JavaFX Application Thread] (MainFrameController.java:357) - Loaded 3 records from loan table
2016-05-22  WARN [JavaFX Application Thread] (MainFrameController.java:606) - Incorrect input DATA    
2016-05-22 DEBUG [JavaFX Application Thread] (MainFrameController.java:430) - SAVE Loan: loan iserted in DB
2016-05-22 DEBUG [JavaFX Application Thread] (MainFrameController.java:357) - Loaded 4 records from loan table
2016-05-22  WARN [JavaFX Application Thread] (MainFrameController.java:606) - Incorrect input DATA    
2016-05-22  INFO [JavaFX Application Thread] (DBManager.java:34) - The DataBase connection is established
2016-05-22 DEBUG [JavaFX Application Thread] (DBManager.java:62) - Table banks found
2016-05-22 DEBUG [JavaFX Application Thread] (DBManager.java:86) - Table company found
2016-05-22 DEBUG [JavaFX Application Thread] (DBManager.java:110) - Table currency found
2016-05-22 DEBUG [JavaFX Application Thread] (DBManager.java:134) - Table loan found
2016-05-22 DEBUG [JavaFX Application Thread] (MainFrameController.java:284) - INITIALIZING Properties Pane
2016-05-22 DEBUG [JavaFX Application Thread] (MainFrameController.java:1007) - Loaded 3 records from currency table
2016-05-22 DEBUG [JavaFX Application Thread] (MainFrameController.java:866) - Loaded 4 records from bank table
2016-05-22 DEBUG [JavaFX Application Thread] (MainFrameController.java:701) - Loaded 3 records from company table
2016-05-22 DEBUG [JavaFX Application Thread] (MainFrameController.java:357) - Loaded 4 records from loan table
2016-05-22  WARN [JavaFX Application Thread] (MainFrameController.java:606) - Incorrect input DATA    
2016-05-22  INFO [JavaFX Application Thread] (DBManager.java:34) - The DataBase connection is established
2016-05-22 DEBUG [JavaFX Application Thread] (DBManager.java:62) - Table banks found
2016-05-22 DEBUG [JavaFX Application Thread] (DBManager.java:86) - Table company found
2016-05-22 DEBUG [JavaFX Application Thread] (DBManager.java:110) - Table currency found
2016-05-22 DEBUG [JavaFX Application Thread] (DBManager.java:134) - Table loan found
2016-05-22 DEBUG [JavaFX Application Thread] (MainFrameController.java:284) - INITIALIZING Properties Pane
2016-05-22 DEBUG [JavaFX Application Thread] (MainFrameController.java:1007) - Loaded 3 records from currency table
2016-05-22 DEBUG [JavaFX Application Thread] (MainFrameController.java:866) - Loaded 4 records from bank table
2016-05-22 DEBUG [JavaFX Application Thread] (MainFrameController.java:701) - Loaded 3 records from company table
2016-05-22 DEBUG [JavaFX Application Thread] (MainFrameController.java:357) - Loaded 4 records from loan table
2016-05-22 DEBUG [JavaFX Application Thread] (LoanMonthCalculator.java:45) - D - Dbp = 9
2016-05-22 DEBUG [JavaFX Application Thread] (LoanMonthCalculator.java:46) - Dep - D = -9
2016-05-22 DEBUG [JavaFX Application Thread] (LoanMonthCalculator.java:50) - Days in year = 366
2016-05-22 DEBUG [JavaFX Application Thread] (LoanMonthCalculator.java:53) - (R/100) = 0.1000
2016-05-22 DEBUG [JavaFX Application Thread] (LoanMonthCalculator.java:56) - S * (R/100) = 100.00000000
2016-05-22 DEBUG [JavaFX Application Thread] (LoanMonthCalculator.java:60) - (S * (R/100)) / Days in year = 0.2732
2016-05-22 DEBUG [JavaFX Application Thread] (LoanMonthCalculator.java:64) - (S * (R/100)) / Days in year*(D - Dbp) = 2.4588
2016-05-22 DEBUG [JavaFX Application Thread] (LoanMonthCalculator.java:68) - (S - Sm) = 950.0000
2016-05-22 DEBUG [JavaFX Application Thread] (LoanMonthCalculator.java:72) - (S - Sm)*(R/100) = 95.00000000
2016-05-22 DEBUG [JavaFX Application Thread] (LoanMonthCalculator.java:76) - ((S - Sm)*(R/100))/    = 0.2596
2016-05-22 DEBUG [JavaFX Application Thread] (LoanMonthCalculator.java:80) - ((S - Sm)*(R/100))/   *(Dep-D) = -2.3364
2016-05-22  INFO [JavaFX Application Thread] (MainFrameController.java:604) - Result calculating = 0.12
2016-05-22  INFO [JavaFX Application Thread] (DBManager.java:34) - The DataBase connection is established
2016-05-22 DEBUG [JavaFX Application Thread] (DBManager.java:62) - Table banks found
2016-05-22 DEBUG [JavaFX Application Thread] (DBManager.java:86) - Table company found
2016-05-22 DEBUG [JavaFX Application Thread] (DBManager.java:110) - Table currency found
2016-05-22 DEBUG [JavaFX Application Thread] (DBManager.java:134) - Table loan found
2016-05-22 DEBUG [JavaFX Application Thread] (MainFrameController.java:284) - INITIALIZING Properties Pane
2016-05-22 DEBUG [JavaFX Application Thread] (MainFrameController.java:1007) - Loaded 3 records from currency table
2016-05-22 DEBUG [JavaFX Application Thread] (MainFrameController.java:866) - Loaded 4 records from bank table
2016-05-22 DEBUG [JavaFX Application Thread] (MainFrameController.java:701) - Loaded 3 records from company table
2016-05-22 DEBUG [JavaFX Application Thread] (MainFrameController.java:357) - Loaded 4 records from loan table
2016-05-22 DEBUG [JavaFX Application Thread] (LoanMonthCalculator.java:45) - D - Dbp = 9
2016-05-22 DEBUG [JavaFX Application Thread] (LoanMonthCalculator.java:46) - Dep - D = 22
2016-05-22 DEBUG [JavaFX Application Thread] (LoanMonthCalculator.java:50) - Days in year = 366
2016-05-22 DEBUG [JavaFX Application Thread] (LoanMonthCalculator.java:53) - (R/100) = 0.1000
2016-05-22 DEBUG [JavaFX Application Thread] (LoanMonthCalculator.java:56) - S * (R/100) = 100.00000000
2016-05-22 DEBUG [JavaFX Application Thread] (LoanMonthCalculator.java:60) - (S * (R/100)) / Days in year = 0.2732
2016-05-22 DEBUG [JavaFX Application Thread] (LoanMonthCalculator.java:64) - (S * (R/100)) / Days in year*(D - Dbp) = 2.4588
2016-05-22 DEBUG [JavaFX Application Thread] (LoanMonthCalculator.java:68) - (S - Sm) = 950.0000
2016-05-22 DEBUG [JavaFX Application Thread] (LoanMonthCalculator.java:72) - (S - Sm)*(R/100) = 95.00000000
2016-05-22 DEBUG [JavaFX Application Thread] (LoanMonthCalculator.java:76) - ((S - Sm)*(R/100))/    = 0.2596
2016-05-22 DEBUG [JavaFX Application Thread] (LoanMonthCalculator.java:80) - ((S - Sm)*(R/100))/   *(Dep-D) = 5.7112
2016-05-22  INFO [JavaFX Application Thread] (MainFrameController.java:604) - Result calculating = 8.17
2016-05-22 DEBUG [JavaFX Application Thread] (MainFrameController.java:430) - SAVE Loan: loan iserted in DB
2016-05-22 DEBUG [JavaFX Application Thread] (MainFrameController.java:357) - Loaded 5 records from loan table
2016-05-22 DEBUG [JavaFX Application Thread] (LoanUSMonthCalculator.java:42) - D - Dbp = 9
2016-05-22 DEBUG [JavaFX Application Thread] (LoanUSMonthCalculator.java:43) - Dep - D = 22
2016-05-22 DEBUG [JavaFX Application Thread] (LoanUSMonthCalculator.java:47) - Days in year = 360
2016-05-22 DEBUG [JavaFX Application Thread] (LoanUSMonthCalculator.java:50) - (R/100) = 0.1000
2016-05-22 DEBUG [JavaFX Application Thread] (LoanUSMonthCalculator.java:53) - S * (R/100) = 100.00000000
2016-05-22 DEBUG [JavaFX Application Thread] (LoanUSMonthCalculator.java:57) - (S * (R/100)) / 360 = 0.2778
2016-05-22 DEBUG [JavaFX Application Thread] (LoanUSMonthCalculator.java:61) - (S * (R/100)) / 360 *(D - Dbp) = 2.5002
2016-05-22 DEBUG [JavaFX Application Thread] (LoanUSMonthCalculator.java:65) - (S - Sm) = 900.0000
2016-05-22 DEBUG [JavaFX Application Thread] (LoanUSMonthCalculator.java:69) - (S - Sm)*(R/100) = 90.00000000
2016-05-22 DEBUG [JavaFX Application Thread] (LoanUSMonthCalculator.java:73) - ((S - Sm)*(R/100))/360 = 0.2500
2016-05-22 DEBUG [JavaFX Application Thread] (LoanUSMonthCalculator.java:77) - ((S - Sm)*(R/100))/   *(Dep-D) = 5.5000
2016-05-22 DEBUG [JavaFX Application Thread] (LoanUSMonthCalculator.java:81) - ((S - Sm)*(R/100))/   *(Dep-D) = 5.5000
2016-05-22  INFO [JavaFX Application Thread] (MainFrameController.java:604) - Result calculating = 8.00
2016-05-22  INFO [JavaFX Application Thread] (DBManager.java:34) - The DataBase connection is established
2016-05-22 DEBUG [JavaFX Application Thread] (DBManager.java:62) - Table banks found
2016-05-22 DEBUG [JavaFX Application Thread] (DBManager.java:86) - Table company found
2016-05-22 DEBUG [JavaFX Application Thread] (DBManager.java:110) - Table currency found
2016-05-22 DEBUG [JavaFX Application Thread] (DBManager.java:134) - Table loan found
2016-05-22 DEBUG [JavaFX Application Thread] (MainFrameController.java:284) - INITIALIZING Properties Pane
2016-05-22 DEBUG [JavaFX Application Thread] (MainFrameController.java:1013) - Loaded 3 records from currency table
2016-05-22 DEBUG [JavaFX Application Thread] (MainFrameController.java:872) - Loaded 4 records from bank table
2016-05-22 DEBUG [JavaFX Application Thread] (MainFrameController.java:707) - Loaded 3 records from company table
2016-05-22 DEBUG [JavaFX Application Thread] (MainFrameController.java:357) - Loaded 5 records from loan table
2016-05-22 DEBUG [JavaFX Application Thread] (LoanUSMonthCalculator.java:42) - D - Dbp = 9
2016-05-22 DEBUG [JavaFX Application Thread] (LoanUSMonthCalculator.java:43) - Dep - D = 22
2016-05-22 DEBUG [JavaFX Application Thread] (LoanUSMonthCalculator.java:47) - Days in year = 360
2016-05-22 DEBUG [JavaFX Application Thread] (LoanUSMonthCalculator.java:50) - (R/100) = 0.1000
2016-05-22 DEBUG [JavaFX Application Thread] (LoanUSMonthCalculator.java:53) - S * (R/100) = 100.00000000
2016-05-22 DEBUG [JavaFX Application Thread] (LoanUSMonthCalculator.java:57) - (S * (R/100)) / 360 = 0.2778
2016-05-22 DEBUG [JavaFX Application Thread] (LoanUSMonthCalculator.java:61) - (S * (R/100)) / 360 *(D - Dbp) = 2.5002
2016-05-22 DEBUG [JavaFX Application Thread] (LoanUSMonthCalculator.java:65) - (S - Sm) = 950.0000
2016-05-22 DEBUG [JavaFX Application Thread] (LoanUSMonthCalculator.java:69) - (S - Sm)*(R/100) = 95.00000000
2016-05-22 DEBUG [JavaFX Application Thread] (LoanUSMonthCalculator.java:73) - ((S - Sm)*(R/100))/360 = 0.2639
2016-05-22 DEBUG [JavaFX Application Thread] (LoanUSMonthCalculator.java:77) - ((S - Sm)*(R/100))/   *(Dep-D) = 5.8058
2016-05-22 DEBUG [JavaFX Application Thread] (LoanUSMonthCalculator.java:81) - ((S - Sm)*(R/100))/   *(Dep-D) = 5.8058
2016-05-22  INFO [JavaFX Application Thread] (MainFrameController.java:610) - Result calculating = 8.31
2016-05-22 DEBUG [JavaFX Application Thread] (LoanUSMonthCalculator.java:42) - D - Dbp = 9
2016-05-22 DEBUG [JavaFX Application Thread] (LoanUSMonthCalculator.java:43) - Dep - D = 22
2016-05-22 DEBUG [JavaFX Application Thread] (LoanUSMonthCalculator.java:47) - Days in year = 360
2016-05-22 DEBUG [JavaFX Application Thread] (LoanUSMonthCalculator.java:50) - (R/100) = 0.1000
2016-05-22 DEBUG [JavaFX Application Thread] (LoanUSMonthCalculator.java:53) - S * (R/100) = 100.00000000
2016-05-22 DEBUG [JavaFX Application Thread] (LoanUSMonthCalculator.java:57) - (S * (R/100)) / 360 = 0.2778
2016-05-22 DEBUG [JavaFX Application Thread] (LoanUSMonthCalculator.java:61) - (S * (R/100)) / 360 *(D - Dbp) = 2.5002
2016-05-22 DEBUG [JavaFX Application Thread] (LoanUSMonthCalculator.java:65) - (S - Sm) = 900.0000
2016-05-22 DEBUG [JavaFX Application Thread] (LoanUSMonthCalculator.java:69) - (S - Sm)*(R/100) = 90.00000000
2016-05-22 DEBUG [JavaFX Application Thread] (LoanUSMonthCalculator.java:73) - ((S - Sm)*(R/100))/360 = 0.2500
2016-05-22 DEBUG [JavaFX Application Thread] (LoanUSMonthCalculator.java:77) - ((S - Sm)*(R/100))/   *(Dep-D) = 5.5000
2016-05-22 DEBUG [JavaFX Application Thread] (LoanUSMonthCalculator.java:81) - ((S - Sm)*(R/100))/   *(Dep-D) = 5.5000
2016-05-22  INFO [JavaFX Application Thread] (MainFrameController.java:610) - Result calculating = 8.00
2016-05-22  INFO [JavaFX Application Thread] (DBManager.java:34) - The DataBase connection is established
2016-05-22 DEBUG [JavaFX Application Thread] (DBManager.java:62) - Table banks found
2016-05-22 DEBUG [JavaFX Application Thread] (DBManager.java:86) - Table company found
2016-05-22 DEBUG [JavaFX Application Thread] (DBManager.java:110) - Table currency found
2016-05-22 DEBUG [JavaFX Application Thread] (DBManager.java:134) - Table loan found
2016-05-22 DEBUG [JavaFX Application Thread] (MainFrameController.java:284) - INITIALIZING Properties Pane
2016-05-22 DEBUG [JavaFX Application Thread] (MainFrameController.java:1013) - Loaded 3 records from currency table
2016-05-22 DEBUG [JavaFX Application Thread] (MainFrameController.java:872) - Loaded 4 records from bank table
2016-05-22 DEBUG [JavaFX Application Thread] (MainFrameController.java:707) - Loaded 3 records from company table
2016-05-22 DEBUG [JavaFX Application Thread] (MainFrameController.java:357) - Loaded 5 records from loan table
2016-05-22 DEBUG [JavaFX Application Thread] (MainFrameController.java:357) - Loaded 5 records from loan table
2016-05-22 DEBUG [JavaFX Application Thread] (MainFrameController.java:357) - Loaded 5 records from loan table
2016-05-22  WARN [JavaFX Application Thread] (MainFrameController.java:612) - Incorrect input DATA     
2016-05-22  WARN [JavaFX Application Thread] (MainFrameController.java:612) - Incorrect input DATA     
2016-05-22 DEBUG [JavaFX Application Thread] (LoanUSYearCalculator.java:37) - Days in year = 360.00
2016-05-22 DEBUG [JavaFX Application Thread] (LoanUSYearCalculator.java:40) - Persent = 0.0033
2016-05-22 DEBUG [JavaFX Application Thread] (LoanUSYearCalculator.java:43) - S * persent = 0.660000
2016-05-22 DEBUG [JavaFX Application Thread] (LoanUSYearCalculator.java:46) - S * persent / Days in year = 0.0018
2016-05-22  INFO [JavaFX Application Thread] (MainFrameController.java:610) - Result calculating = 0.05
